2025-08-14T13:48:45.453+05:30 ERROR 765 --- [cart-service] [restartedMain] com.zaxxer.hikari.pool.HikariPool        : HikariPool-1 - Exception during pool initialization.

com.mysql.cj.jdbc.exceptions.CommunicationsException: Communications link failure

The last packet sent successfully to the server was 0 milliseconds ago. The driver has not received any packets from the server.
	at com.mysql.cj.jdbc.exceptions.SQLError.createCommunicationsException(SQLError.java:174) ~[mysql-connector-j-8.3.0.jar:8.3.0]
	at com.mysql.cj.jdbc.exceptions.SQLExceptionsMapping.translateException(SQLExceptionsMapping.java:64) ~[mysql-connector-j-8.3.0.jar:8.3.0]
	at com.mysql.cj.jdbc.ConnectionImpl.createNewIO(ConnectionImpl.java:815) ~[mysql-connector-j-8.3.0.jar:8.3.0]
	at com.mysql.cj.jdbc.ConnectionImpl.<init>(ConnectionImpl.java:438) ~[mysql-connector-j-8.3.0.jar:8.3.0]
	at com.mysql.cj.jdbc.ConnectionImpl.getInstance(ConnectionImpl.java:241) ~[mysql-connector-j-8.3.0.jar:8.3.0]
	at com.mysql.cj.jdbc.NonRegisteringDriver.connect(NonRegisteringDriver.java:189) ~[mysql-connector-j-8.3.0.jar:8.3.0]
	at com.zaxxer.hikari.util.DriverDataSource.getConnection(DriverDataSource.java:138) ~[HikariCP-5.0.1.jar:na]
	at com.zaxxer.hikari.pool.PoolBase.newConnection(PoolBase.java:359) ~[HikariCP-5.0.1.jar:na]
	at com.zaxxer.hikari.pool.PoolBase.newPoolEntry(PoolBase.java:201) ~[HikariCP-5.0.1.jar:na]
	at com.zaxxer.hikari.pool.HikariPool.createPoolEntry(HikariPool.java:470) ~[HikariCP-5.0.1.jar:na]
	at com.zaxxer.hikari.pool.HikariPool.checkFailFast(HikariPool.java:561) ~[HikariCP-5.0.1.jar:na]
	at com.zaxxer.hikari.pool.HikariPool.<init>(HikariPool.java:100) ~[HikariCP-5.0.1.jar:na]
	at com.zaxxer.hikari.HikariDataSource.getConnection(HikariDataSource.java:112) ~[HikariCP-5.0.1.jar:na]
	at org.hibernate.engine.jdbc.connections.internal.DatasourceConnectionProviderImpl.getConnection(DatasourceConnectionProviderImpl.java:122) ~[hibernate-core-6.4.10.Final.jar:6.4.10.Final]
	at org.hibernate.engine.jdbc.env.internal.JdbcEnvironmentInitiator$ConnectionProviderJdbcConnectionAccess.obtainConnection(JdbcEnvironmentInitiator.java:428) ~[hibernate-core-6.4.10.Final.jar:6.4.10.Final]
	at org.hibernate.resource.transaction.backend.jdbc.internal.JdbcIsolationDelegate.delegateWork(JdbcIsolationDelegate.java:61) ~[hibernate-core-6.4.10.Final.jar:6.4.10.Final]
	at org.hibernate.engine.jdbc.env.internal.JdbcEnvironmentInitiator.getJdbcEnvironmentUsingJdbcMetadata(JdbcEnvironmentInitiator.java:276) ~[hibernate-core-6.4.10.Final.jar:6.4.10.Final]
	at org.hibernate.engine.jdbc.env.internal.JdbcEnvironmentInitiator.initiateService(JdbcEnvironmentInitiator.java:107) ~[hibernate-core-6.4.10.Final.jar:6.4.10.Final]
	at org.hibernate.engine.jdbc.env.internal.JdbcEnvironmentInitiator.initiateService(JdbcEnvironmentInitiator.java:68) ~[hibernate-core-6.4.10.Final.jar:6.4.10.Final]
	at org.hibernate.boot.registry.internal.StandardServiceRegistryImpl.initiateService(StandardServiceRegistryImpl.java:130) ~[hibernate-core-6.4.10.Final.jar:6.4.10.Final]
	at org.hibernate.service.internal.AbstractServiceRegistryImpl.createService(AbstractServiceRegistryImpl.java:263) ~[hibernate-core-6.4.10.Final.jar:6.4.10.Final]
	at org.hibernate.service.internal.AbstractServiceRegistryImpl.initializeService(AbstractServiceRegistryImpl.java:238) ~[hibernate-core-6.4.10.Final.jar:6.4.10.Final]
	at org.hibernate.service.internal.AbstractServiceRegistryImpl.getService(AbstractServiceRegistryImpl.java:215) ~[hibernate-core-6.4.10.Final.jar:6.4.10.Final]
	at org.hibernate.boot.model.relational.Database.<init>(Database.java:45) ~[hibernate-core-6.4.10.Final.jar:6.4.10.Final]
	at org.hibernate.boot.internal.InFlightMetadataCollectorImpl.getDatabase(InFlightMetadataCollectorImpl.java:223) ~[hibernate-core-6.4.10.Final.jar:6.4.10.Final]
	at org.hibernate.boot.internal.InFlightMetadataCollectorImpl.<init>(InFlightMetadataCollectorImpl.java:191) ~[hibernate-core-6.4.10.Final.jar:6.4.10.Final]
	at org.hibernate.boot.model.process.spi.MetadataBuildingProcess.complete(MetadataBuildingProcess.java:170) ~[hibernate-core-6.4.10.Final.jar:6.4.10.Final]
	at org.hibernate.jpa.boot.internal.EntityManagerFactoryBuilderImpl.metadata(EntityManagerFactoryBuilderImpl.java:1432) ~[hibernate-core-6.4.10.Final.jar:6.4.10.Final]
	at org.hibernate.jpa.boot.internal.EntityManagerFactoryBuilderImpl.build(EntityManagerFactoryBuilderImpl.java:1503) ~[hibernate-core-6.4.10.Final.jar:6.4.10.Final]
	at org.springframework.orm.jpa.vendor.SpringHibernateJpaPersistenceProvider.createContainerEntityManagerFactory(SpringHibernateJpaPersistenceProvider.java:75) ~[spring-orm-6.1.15.jar:6.1.15]
	at org.springframework.orm.jpa.LocalContainerEntityManagerFactoryBean.createNativeEntityManagerFactory(LocalContainerEntityManagerFactoryBean.java:390) ~[spring-orm-6.1.15.jar:6.1.15]
	at org.springframework.orm.jpa.AbstractEntityManagerFactoryBean.buildNativeEntityManagerFactory(AbstractEntityManagerFactoryBean.java:409) ~[spring-orm-6.1.15.jar:6.1.15]
	at org.springframework.orm.jpa.AbstractEntityManagerFactoryBean.afterPropertiesSet(AbstractEntityManagerFactoryBean.java:396) ~[spring-orm-6.1.15.jar:6.1.15]
	at org.springframework.orm.jpa.LocalContainerEntityManagerFactoryBean.afterPropertiesSet(LocalContainerEntityManagerFactoryBean.java:366) ~[spring-orm-6.1.15.jar:6.1.15]
	at org.springframework.beans.factory.support.AbstractAutowireCapableBeanFactory.invokeInitMethods(AbstractAutowireCapableBeanFactory.java:1853) ~[spring-beans-6.1.15.jar:6.1.15]
	at org.springframework.beans.factory.support.AbstractAutowireCapableBeanFactory.initializeBean(AbstractAutowireCapableBeanFactory.java:1802) ~[spring-beans-6.1.15.jar:6.1.15]
	at org.springframework.beans.factory.support.AbstractAutowireCapableBeanFactory.doCreateBean(AbstractAutowireCapableBeanFactory.java:600) ~[spring-beans-6.1.15.jar:6.1.15]
	at org.springframework.beans.factory.support.AbstractAutowireCapableBeanFactory.createBean(AbstractAutowireCapableBeanFactory.java:522) ~[spring-beans-6.1.15.jar:6.1.15]
	at org.springframework.beans.factory.support.AbstractBeanFactory.lambda$doGetBean$0(AbstractBeanFactory.java:337) ~[spring-beans-6.1.15.jar:6.1.15]
	at org.springframework.beans.factory.support.DefaultSingletonBeanRegistry.getSingleton(DefaultSingletonBeanRegistry.java:234) ~[spring-beans-6.1.15.jar:6.1.15]
	at org.springframework.beans.factory.support.AbstractBeanFactory.doGetBean(AbstractBeanFactory.java:335) ~[spring-beans-6.1.15.jar:6.1.15]
	at org.springframework.beans.factory.support.AbstractBeanFactory.getBean(AbstractBeanFactory.java:205) ~[spring-beans-6.1.15.jar:6.1.15]
	at org.springframework.context.support.AbstractApplicationContext.finishBeanFactoryInitialization(AbstractApplicationContext.java:954) ~[spring-context-6.1.15.jar:6.1.15]
	at org.springframework.context.support.AbstractApplicationContext.refresh(AbstractApplicationContext.java:625) ~[spring-context-6.1.15.jar:6.1.15]
	at org.springframework.boot.web.servlet.context.ServletWebServerApplicationContext.refresh(ServletWebServerApplicationContext.java:146) ~[spring-boot-3.2.12.jar:3.2.12]
	at org.springframework.boot.SpringApplication.refresh(SpringApplication.java:754) ~[spring-boot-3.2.12.jar:3.2.12]
	at org.springframework.boot.SpringApplication.refreshContext(SpringApplication.java:456) ~[spring-boot-3.2.12.jar:3.2.12]
	at org.springframework.boot.SpringApplication.run(SpringApplication.java:335) ~[spring-boot-3.2.12.jar:3.2.12]
	at org.springframework.boot.SpringApplication.run(SpringApplication.java:1363) ~[spring-boot-3.2.12.jar:3.2.12]
	at org.springframework.boot.SpringApplication.run(SpringApplication.java:1352) ~[spring-boot-3.2.12.jar:3.2.12]
	at com.supermarket.cartservice.CartServiceApplication.main(CartServiceApplication.java:14) ~[classes/:na]
	at java.base/jdk.internal.reflect.DirectMethodHandleAccessor.invoke(DirectMethodHandleAccessor.java:103) ~[na:na]
	at java.base/java.lang.reflect.Method.invoke(Method.java:580) ~[na:na]
	at org.springframework.boot.devtools.restart.RestartLauncher.run(RestartLauncher.java:50) ~[spring-boot-devtools-3.2.12.jar:3.2.12]
Caused by: com.mysql.cj.exceptions.CJCommunicationsException: Communications link failure

The last packet sent successfully to the server was 0 milliseconds ago. The driver has not received any packets from the server.
	at java.base/jdk.internal.reflect.DirectConstructorHandleAccessor.newInstance(DirectConstructorHandleAccessor.java:62) ~[na:na]
	at java.base/java.lang.reflect.Constructor.newInstanceWithCaller(Constructor.java:501) ~[na:na]
	at java.base/java.lang.reflect.Constructor.newInstance(Constructor.java:485) ~[na:na]
	at com.mysql.cj.exceptions.ExceptionFactory.createException(ExceptionFactory.java:61) ~[mysql-connector-j-8.3.0.jar:8.3.0]
	at com.mysql.cj.exceptions.ExceptionFactory.createException(ExceptionFactory.java:104) ~[mysql-connector-j-8.3.0.jar:8.3.0]
	at com.mysql.cj.exceptions.ExceptionFactory.createException(ExceptionFactory.java:149) ~[mysql-connector-j-8.3.0.jar:8.3.0]
	at com.mysql.cj.exceptions.ExceptionFactory.createCommunicationsException(ExceptionFactory.java:165) ~[mysql-connector-j-8.3.0.jar:8.3.0]
	at com.mysql.cj.protocol.a.NativeSocketConnection.connect(NativeSocketConnection.java:88) ~[mysql-connector-j-8.3.0.jar:8.3.0]
	at com.mysql.cj.NativeSession.connect(NativeSession.java:120) ~[mysql-connector-j-8.3.0.jar:8.3.0]
	at com.mysql.cj.jdbc.ConnectionImpl.connectOneTryOnly(ConnectionImpl.java:935) ~[mysql-connector-j-8.3.0.jar:8.3.0]
	at com.mysql.cj.jdbc.ConnectionImpl.createNewIO(ConnectionImpl.java:805) ~[mysql-connector-j-8.3.0.jar:8.3.0]
	... 51 common frames omitted
Caused by: java.net.ConnectException: Connection refused
	at java.base/sun.nio.ch.Net.pollConnect(Native Method) ~[na:na]
	at java.base/sun.nio.ch.Net.pollConnectNow(Net.java:682) ~[na:na]
	at java.base/sun.nio.ch.NioSocketImpl.timedFinishConnect(NioSocketImpl.java:542) ~[na:na]
	at java.base/sun.nio.ch.NioSocketImpl.connect(NioSocketImpl.java:592) ~[na:na]
	at java.base/java.net.SocksSocketImpl.connect(SocksSocketImpl.java:327) ~[na:na]
	at java.base/java.net.Socket.connect(Socket.java:760) ~[na:na]
	at com.mysql.cj.protocol.StandardSocketFactory.connect(StandardSocketFactory.java:153) ~[mysql-connector-j-8.3.0.jar:8.3.0]
	at com.mysql.cj.protocol.a.NativeSocketConnection.connect(NativeSocketConnection.java:62) ~[mysql-connector-j-8.3.0.jar:8.3.0]
	... 54 common frames omitted

2025-08-14T13:48:45.490+05:30 ERROR 765 --- [cart-service] [restartedMain] j.LocalContainerEntityManagerFactoryBean : Failed to initialize JPA EntityManagerFactory: Unable to create requested service [org.hibernate.engine.jdbc.env.spi.JdbcEnvironment] due to: Unable to determine Dialect without JDBC metadata (please set 'jakarta.persistence.jdbc.url' for common cases or 'hibernate.dialect' when a custom Dialect implementation must be provided)
2025-08-14T13:48:45.605+05:30 ERROR 765 --- [cart-service] [restartedMain] o.s.boot.SpringApplication               : Application run failed

org.springframework.beans.factory.BeanCreationException: Error creating bean with name 'entityManagerFactory' defined in class path resource [org/springframework/boot/autoconfigure/orm/jpa/HibernateJpaConfiguration.class]: Unable to create requested service [org.hibernate.engine.jdbc.env.spi.JdbcEnvironment] due to: Unable to determine Dialect without JDBC metadata (please set 'jakarta.persistence.jdbc.url' for common cases or 'hibernate.dialect' when a custom Dialect implementation must be provided)
	at org.springframework.beans.factory.support.AbstractAutowireCapableBeanFactory.initializeBean(AbstractAutowireCapableBeanFactory.java:1806) ~[spring-beans-6.1.15.jar:6.1.15]
	at org.springframework.beans.factory.support.AbstractAutowireCapableBeanFactory.doCreateBean(AbstractAutowireCapableBeanFactory.java:600) ~[spring-beans-6.1.15.jar:6.1.15]
	at org.springframework.beans.factory.support.AbstractAutowireCapableBeanFactory.createBean(AbstractAutowireCapableBeanFactory.java:522) ~[spring-beans-6.1.15.jar:6.1.15]
	at org.springframework.beans.factory.support.AbstractBeanFactory.lambda$doGetBean$0(AbstractBeanFactory.java:337) ~[spring-beans-6.1.15.jar:6.1.15]
	at org.springframework.beans.factory.support.DefaultSingletonBeanRegistry.getSingleton(DefaultSingletonBeanRegistry.java:234) ~[spring-beans-6.1.15.jar:6.1.15]
	at org.springframework.beans.factory.support.AbstractBeanFactory.doGetBean(AbstractBeanFactory.java:335) ~[spring-beans-6.1.15.jar:6.1.15]
	at org.springframework.beans.factory.support.AbstractBeanFactory.getBean(AbstractBeanFactory.java:205) ~[spring-beans-6.1.15.jar:6.1.15]
	at org.springframework.context.support.AbstractApplicationContext.finishBeanFactoryInitialization(AbstractApplicationContext.java:954) ~[spring-context-6.1.15.jar:6.1.15]
	at org.springframework.context.support.AbstractApplicationContext.refresh(AbstractApplicationContext.java:625) ~[spring-context-6.1.15.jar:6.1.15]
	at org.springframework.boot.web.servlet.context.ServletWebServerApplicationContext.refresh(ServletWebServerApplicationContext.java:146) ~[spring-boot-3.2.12.jar:3.2.12]
	at org.springframework.boot.SpringApplication.refresh(SpringApplication.java:754) ~[spring-boot-3.2.12.jar:3.2.12]
	at org.springframework.boot.SpringApplication.refreshContext(SpringApplication.java:456) ~[spring-boot-3.2.12.jar:3.2.12]
	at org.springframework.boot.SpringApplication.run(SpringApplication.java:335) ~[spring-boot-3.2.12.jar:3.2.12]
	at org.springframework.boot.SpringApplication.run(SpringApplication.java:1363) ~[spring-boot-3.2.12.jar:3.2.12]
	at org.springframework.boot.SpringApplication.run(SpringApplication.java:1352) ~[spring-boot-3.2.12.jar:3.2.12]
	at com.supermarket.cartservice.CartServiceApplication.main(CartServiceApplication.java:14) ~[classes/:na]
	at java.base/jdk.internal.reflect.DirectMethodHandleAccessor.invoke(DirectMethodHandleAccessor.java:103) ~[na:na]
	at java.base/java.lang.reflect.Method.invoke(Method.java:580) ~[na:na]
	at org.springframework.boot.devtools.restart.RestartLauncher.run(RestartLauncher.java:50) ~[spring-boot-devtools-3.2.12.jar:3.2.12]
Caused by: org.hibernate.service.spi.ServiceException: Unable to create requested service [org.hibernate.engine.jdbc.env.spi.JdbcEnvironment] due to: Unable to determine Dialect without JDBC metadata (please set 'jakarta.persistence.jdbc.url' for common cases or 'hibernate.dialect' when a custom Dialect implementation must be provided)
	at org.hibernate.service.internal.AbstractServiceRegistryImpl.createService(AbstractServiceRegistryImpl.java:276) ~[hibernate-core-6.4.10.Final.jar:6.4.10.Final]
	at org.hibernate.service.internal.AbstractServiceRegistryImpl.initializeService(AbstractServiceRegistryImpl.java:238) ~[hibernate-core-6.4.10.Final.jar:6.4.10.Final]
	at org.hibernate.service.internal.AbstractServiceRegistryImpl.getService(AbstractServiceRegistryImpl.java:215) ~[hibernate-core-6.4.10.Final.jar:6.4.10.Final]
	at org.hibernate.boot.model.relational.Database.<init>(Database.java:45) ~[hibernate-core-6.4.10.Final.jar:6.4.10.Final]
	at org.hibernate.boot.internal.InFlightMetadataCollectorImpl.getDatabase(InFlightMetadataCollectorImpl.java:223) ~[hibernate-core-6.4.10.Final.jar:6.4.10.Final]
	at org.hibernate.boot.internal.InFlightMetadataCollectorImpl.<init>(InFlightMetadataCollectorImpl.java:191) ~[hibernate-core-6.4.10.Final.jar:6.4.10.Final]
	at org.hibernate.boot.model.process.spi.MetadataBuildingProcess.complete(MetadataBuildingProcess.java:170) ~[hibernate-core-6.4.10.Final.jar:6.4.10.Final]
	at org.hibernate.jpa.boot.internal.EntityManagerFactoryBuilderImpl.metadata(EntityManagerFactoryBuilderImpl.java:1432) ~[hibernate-core-6.4.10.Final.jar:6.4.10.Final]
	at org.hibernate.jpa.boot.internal.EntityManagerFactoryBuilderImpl.build(EntityManagerFactoryBuilderImpl.java:1503) ~[hibernate-core-6.4.10.Final.jar:6.4.10.Final]
	at org.springframework.orm.jpa.vendor.SpringHibernateJpaPersistenceProvider.createContainerEntityManagerFactory(SpringHibernateJpaPersistenceProvider.java:75) ~[spring-orm-6.1.15.jar:6.1.15]
	at org.springframework.orm.jpa.LocalContainerEntityManagerFactoryBean.createNativeEntityManagerFactory(LocalContainerEntityManagerFactoryBean.java:390) ~[spring-orm-6.1.15.jar:6.1.15]
	at org.springframework.orm.jpa.AbstractEntityManagerFactoryBean.buildNativeEntityManagerFactory(AbstractEntityManagerFactoryBean.java:409) ~[spring-orm-6.1.15.jar:6.1.15]
	at org.springframework.orm.jpa.AbstractEntityManagerFactoryBean.afterPropertiesSet(AbstractEntityManagerFactoryBean.java:396) ~[spring-orm-6.1.15.jar:6.1.15]
	at org.springframework.orm.jpa.LocalContainerEntityManagerFactoryBean.afterPropertiesSet(LocalContainerEntityManagerFactoryBean.java:366) ~[spring-orm-6.1.15.jar:6.1.15]
	at org.springframework.beans.factory.support.AbstractAutowireCapableBeanFactory.invokeInitMethods(AbstractAutowireCapableBeanFactory.java:1853) ~[spring-beans-6.1.15.jar:6.1.15]
	at org.springframework.beans.factory.support.AbstractAutowireCapableBeanFactory.initializeBean(AbstractAutowireCapableBeanFactory.java:1802) ~[spring-beans-6.1.15.jar:6.1.15]
	... 18 common frames omitted
Caused by: org.hibernate.HibernateException: Unable to determine Dialect without JDBC metadata (please set 'jakarta.persistence.jdbc.url' for common cases or 'hibernate.dialect' when a custom Dialect implementation must be provided)
	at org.hibernate.engine.jdbc.dialect.internal.DialectFactoryImpl.determineDialect(DialectFactoryImpl.java:191) ~[hibernate-core-6.4.10.Final.jar:6.4.10.Final]
	at org.hibernate.engine.jdbc.dialect.internal.DialectFactoryImpl.buildDialect(DialectFactoryImpl.java:87) ~[hibernate-core-6.4.10.Final.jar:6.4.10.Final]
	at org.hibernate.engine.jdbc.env.internal.JdbcEnvironmentInitiator.getJdbcEnvironmentWithDefaults(JdbcEnvironmentInitiator.java:143) ~[hibernate-core-6.4.10.Final.jar:6.4.10.Final]
	at org.hibernate.engine.jdbc.env.internal.JdbcEnvironmentInitiator.getJdbcEnvironmentUsingJdbcMetadata(JdbcEnvironmentInitiator.java:348) ~[hibernate-core-6.4.10.Final.jar:6.4.10.Final]
	at org.hibernate.engine.jdbc.env.internal.JdbcEnvironmentInitiator.initiateService(JdbcEnvironmentInitiator.java:107) ~[hibernate-core-6.4.10.Final.jar:6.4.10.Final]
	at org.hibernate.engine.jdbc.env.internal.JdbcEnvironmentInitiator.initiateService(JdbcEnvironmentInitiator.java:68) ~[hibernate-core-6.4.10.Final.jar:6.4.10.Final]
	at org.hibernate.boot.registry.internal.StandardServiceRegistryImpl.initiateService(StandardServiceRegistryImpl.java:130) ~[hibernate-core-6.4.10.Final.jar:6.4.10.Final]
	at org.hibernate.service.internal.AbstractServiceRegistryImpl.createService(AbstractServiceRegistryImpl.java:263) ~[hibernate-core-6.4.10.Final.jar:6.4.10.Final]
	... 33 common frames omitted

2025-08-14T14:19:47.536+05:30  INFO 837 --- [cart-service] [http-nio-8083-exec-1] c.s.cartservice.aop.LoggingAspect        : Enter: com.supermarket.cartservice.controller.CartController.getCartByUser() with argument[s] = [[3]]
2025-08-14T14:19:47.620+05:30  INFO 837 --- [cart-service] [http-nio-8083-exec-1] c.s.cartservice.aop.LoggingAspect        : Enter: com.supermarket.cartservice.service.CartServiceImpl.getCartByUserId() with argument[s] = [[3]]
2025-08-14T14:19:48.040+05:30  INFO 837 --- [cart-service] [http-nio-8083-exec-1] c.s.cartservice.aop.LoggingAspect        : Exit: com.supermarket.cartservice.service.CartServiceImpl.getCartByUserId() with result = [com.supermarket.cartservice.model.Cart@732f7c70]
2025-08-14T14:19:48.040+05:30  INFO 837 --- [cart-service] [http-nio-8083-exec-1] c.s.cartservice.aop.LoggingAspect        : Execution time: com.supermarket.cartservice.service.CartServiceImpl.getCartByUserId() executed in 420 ms
2025-08-14T14:19:48.044+05:30  INFO 837 --- [cart-service] [http-nio-8083-exec-1] c.s.cartservice.aop.LoggingAspect        : Exit: com.supermarket.cartservice.controller.CartController.getCartByUser() with result = [com.supermarket.cartservice.model.Cart@732f7c70]
2025-08-14T14:19:48.128+05:30  INFO 837 --- [cart-service] [http-nio-8083-exec-2] c.s.cartservice.aop.LoggingAspect        : Enter: com.supermarket.cartservice.controller.CartController.getCartByUser() with argument[s] = [[3]]
2025-08-14T14:19:48.129+05:30  INFO 837 --- [cart-service] [http-nio-8083-exec-2] c.s.cartservice.aop.LoggingAspect        : Enter: com.supermarket.cartservice.service.CartServiceImpl.getCartByUserId() with argument[s] = [[3]]
2025-08-14T14:19:48.151+05:30  INFO 837 --- [cart-service] [http-nio-8083-exec-2] c.s.cartservice.aop.LoggingAspect        : Exit: com.supermarket.cartservice.service.CartServiceImpl.getCartByUserId() with result = [com.supermarket.cartservice.model.Cart@2aaee148]
2025-08-14T14:19:48.152+05:30  INFO 837 --- [cart-service] [http-nio-8083-exec-2] c.s.cartservice.aop.LoggingAspect        : Execution time: com.supermarket.cartservice.service.CartServiceImpl.getCartByUserId() executed in 23 ms
2025-08-14T14:19:48.153+05:30  INFO 837 --- [cart-service] [http-nio-8083-exec-2] c.s.cartservice.aop.LoggingAspect        : Exit: com.supermarket.cartservice.controller.CartController.getCartByUser() with result = [com.supermarket.cartservice.model.Cart@2aaee148]
2025-08-14T14:20:27.618+05:30  INFO 837 --- [cart-service] [http-nio-8083-exec-3] c.s.cartservice.aop.LoggingAspect        : Enter: com.supermarket.cartservice.controller.CartController.getCartByUser() with argument[s] = [[3]]
2025-08-14T14:20:27.623+05:30  INFO 837 --- [cart-service] [http-nio-8083-exec-3] c.s.cartservice.aop.LoggingAspect        : Enter: com.supermarket.cartservice.service.CartServiceImpl.getCartByUserId() with argument[s] = [[3]]
2025-08-14T14:20:27.646+05:30  INFO 837 --- [cart-service] [http-nio-8083-exec-3] c.s.cartservice.aop.LoggingAspect        : Exit: com.supermarket.cartservice.service.CartServiceImpl.getCartByUserId() with result = [com.supermarket.cartservice.model.Cart@7b0e2810]
2025-08-14T14:20:27.649+05:30  INFO 837 --- [cart-service] [http-nio-8083-exec-3] c.s.cartservice.aop.LoggingAspect        : Execution time: com.supermarket.cartservice.service.CartServiceImpl.getCartByUserId() executed in 26 ms
2025-08-14T14:20:27.650+05:30  INFO 837 --- [cart-service] [http-nio-8083-exec-3] c.s.cartservice.aop.LoggingAspect        : Exit: com.supermarket.cartservice.controller.CartController.getCartByUser() with result = [com.supermarket.cartservice.model.Cart@7b0e2810]
2025-08-14T14:20:27.698+05:30  INFO 837 --- [cart-service] [http-nio-8083-exec-4] c.s.cartservice.aop.LoggingAspect        : Enter: com.supermarket.cartservice.controller.CartController.getCartByUser() with argument[s] = [[3]]
2025-08-14T14:20:27.699+05:30  INFO 837 --- [cart-service] [http-nio-8083-exec-4] c.s.cartservice.aop.LoggingAspect        : Enter: com.supermarket.cartservice.service.CartServiceImpl.getCartByUserId() with argument[s] = [[3]]
2025-08-14T14:20:27.716+05:30  INFO 837 --- [cart-service] [http-nio-8083-exec-4] c.s.cartservice.aop.LoggingAspect        : Exit: com.supermarket.cartservice.service.CartServiceImpl.getCartByUserId() with result = [com.supermarket.cartservice.model.Cart@50c0c1b2]
2025-08-14T14:20:27.718+05:30  INFO 837 --- [cart-service] [http-nio-8083-exec-4] c.s.cartservice.aop.LoggingAspect        : Execution time: com.supermarket.cartservice.service.CartServiceImpl.getCartByUserId() executed in 19 ms
2025-08-14T14:20:27.721+05:30  INFO 837 --- [cart-service] [http-nio-8083-exec-4] c.s.cartservice.aop.LoggingAspect        : Exit: com.supermarket.cartservice.controller.CartController.getCartByUser() with result = [com.supermarket.cartservice.model.Cart@50c0c1b2]
2025-08-14T14:20:55.492+05:30  INFO 837 --- [cart-service] [http-nio-8083-exec-5] c.s.cartservice.aop.LoggingAspect        : Enter: com.supermarket.cartservice.controller.CartController.getCartByUser() with argument[s] = [[3]]
2025-08-14T14:20:55.502+05:30  INFO 837 --- [cart-service] [http-nio-8083-exec-5] c.s.cartservice.aop.LoggingAspect        : Enter: com.supermarket.cartservice.service.CartServiceImpl.getCartByUserId() with argument[s] = [[3]]
2025-08-14T14:20:55.524+05:30  INFO 837 --- [cart-service] [http-nio-8083-exec-5] c.s.cartservice.aop.LoggingAspect        : Exit: com.supermarket.cartservice.service.CartServiceImpl.getCartByUserId() with result = [com.supermarket.cartservice.model.Cart@39a0ee5e]
2025-08-14T14:20:55.524+05:30  INFO 837 --- [cart-service] [http-nio-8083-exec-5] c.s.cartservice.aop.LoggingAspect        : Execution time: com.supermarket.cartservice.service.CartServiceImpl.getCartByUserId() executed in 22 ms
2025-08-14T14:20:55.525+05:30  INFO 837 --- [cart-service] [http-nio-8083-exec-5] c.s.cartservice.aop.LoggingAspect        : Exit: com.supermarket.cartservice.controller.CartController.getCartByUser() with result = [com.supermarket.cartservice.model.Cart@39a0ee5e]
2025-08-14T14:20:55.552+05:30  INFO 837 --- [cart-service] [http-nio-8083-exec-6] c.s.cartservice.aop.LoggingAspect        : Enter: com.supermarket.cartservice.controller.CartController.getCartByUser() with argument[s] = [[3]]
2025-08-14T14:20:55.553+05:30  INFO 837 --- [cart-service] [http-nio-8083-exec-6] c.s.cartservice.aop.LoggingAspect        : Enter: com.supermarket.cartservice.service.CartServiceImpl.getCartByUserId() with argument[s] = [[3]]
2025-08-14T14:20:55.562+05:30  INFO 837 --- [cart-service] [http-nio-8083-exec-6] c.s.cartservice.aop.LoggingAspect        : Exit: com.supermarket.cartservice.service.CartServiceImpl.getCartByUserId() with result = [com.supermarket.cartservice.model.Cart@77db9061]
2025-08-14T14:20:55.564+05:30  INFO 837 --- [cart-service] [http-nio-8083-exec-6] c.s.cartservice.aop.LoggingAspect        : Execution time: com.supermarket.cartservice.service.CartServiceImpl.getCartByUserId() executed in 10 ms
2025-08-14T14:20:55.564+05:30  INFO 837 --- [cart-service] [http-nio-8083-exec-6] c.s.cartservice.aop.LoggingAspect        : Exit: com.supermarket.cartservice.controller.CartController.getCartByUser() with result = [com.supermarket.cartservice.model.Cart@77db9061]
2025-08-14T14:21:05.293+05:30  INFO 837 --- [cart-service] [http-nio-8083-exec-7] c.s.cartservice.aop.LoggingAspect        : Enter: com.supermarket.cartservice.controller.CartController.addToCart() with argument[s] = [[3, Camlin Ruler 30cm, 2]]
2025-08-14T14:21:05.338+05:30  INFO 837 --- [cart-service] [http-nio-8083-exec-7] c.s.cartservice.aop.LoggingAspect        : Enter: com.supermarket.cartservice.service.CartServiceImpl.addToCart() with argument[s] = [[3, Camlin Ruler 30cm, 2]]
2025-08-14T14:21:05.522+05:30  INFO 837 --- [cart-service] [http-nio-8083-exec-7] c.s.cartservice.aop.LoggingAspect        : Exit: com.supermarket.cartservice.service.CartServiceImpl.addToCart() with result = [null]
2025-08-14T14:21:05.522+05:30  INFO 837 --- [cart-service] [http-nio-8083-exec-7] c.s.cartservice.aop.LoggingAspect        : Execution time: com.supermarket.cartservice.service.CartServiceImpl.addToCart() executed in 184 ms
2025-08-14T14:21:05.597+05:30  INFO 837 --- [cart-service] [http-nio-8083-exec-7] c.s.cartservice.aop.LoggingAspect        : Exit: com.supermarket.cartservice.controller.CartController.addToCart() with result = [Camlin Ruler 30cm added to cart of userId3]
2025-08-14T14:21:05.635+05:30  INFO 837 --- [cart-service] [http-nio-8083-exec-8] c.s.cartservice.aop.LoggingAspect        : Enter: com.supermarket.cartservice.controller.CartController.getCartByUser() with argument[s] = [[3]]
2025-08-14T14:21:05.636+05:30  INFO 837 --- [cart-service] [http-nio-8083-exec-8] c.s.cartservice.aop.LoggingAspect        : Enter: com.supermarket.cartservice.service.CartServiceImpl.getCartByUserId() with argument[s] = [[3]]
2025-08-14T14:21:05.652+05:30  INFO 837 --- [cart-service] [http-nio-8083-exec-8] c.s.cartservice.aop.LoggingAspect        : Exit: com.supermarket.cartservice.service.CartServiceImpl.getCartByUserId() with result = [com.supermarket.cartservice.model.Cart@352542de]
2025-08-14T14:21:05.653+05:30  INFO 837 --- [cart-service] [http-nio-8083-exec-8] c.s.cartservice.aop.LoggingAspect        : Execution time: com.supermarket.cartservice.service.CartServiceImpl.getCartByUserId() executed in 17 ms
2025-08-14T14:21:05.653+05:30  INFO 837 --- [cart-service] [http-nio-8083-exec-8] c.s.cartservice.aop.LoggingAspect        : Exit: com.supermarket.cartservice.controller.CartController.getCartByUser() with result = [com.supermarket.cartservice.model.Cart@352542de]
2025-08-14T14:21:33.063+05:30  INFO 837 --- [cart-service] [http-nio-8083-exec-9] c.s.cartservice.aop.LoggingAspect        : Enter: com.supermarket.cartservice.controller.CartController.increaseQuantityFromUserCart() with argument[s] = [[3, Amul Fresh Milk 1Ltr]]
2025-08-14T14:21:33.068+05:30  INFO 837 --- [cart-service] [http-nio-8083-exec-9] c.s.cartservice.aop.LoggingAspect        : Enter: com.supermarket.cartservice.service.CartServiceImpl.increaseQuantity() with argument[s] = [[3, Amul Fresh Milk 1Ltr]]
2025-08-14T14:21:33.138+05:30  INFO 837 --- [cart-service] [http-nio-8083-exec-9] c.s.cartservice.aop.LoggingAspect        : Exit: com.supermarket.cartservice.service.CartServiceImpl.increaseQuantity() with result = [null]
2025-08-14T14:21:33.139+05:30  INFO 837 --- [cart-service] [http-nio-8083-exec-9] c.s.cartservice.aop.LoggingAspect        : Execution time: com.supermarket.cartservice.service.CartServiceImpl.increaseQuantity() executed in 72 ms
2025-08-14T14:21:33.152+05:30  INFO 837 --- [cart-service] [http-nio-8083-exec-9] c.s.cartservice.aop.LoggingAspect        : Exit: com.supermarket.cartservice.controller.CartController.increaseQuantityFromUserCart() with result = [Increased item quantity by one]
2025-08-14T14:21:33.177+05:30  INFO 837 --- [cart-service] [http-nio-8083-exec-10] c.s.cartservice.aop.LoggingAspect        : Enter: com.supermarket.cartservice.controller.CartController.getCartByUser() with argument[s] = [[3]]
2025-08-14T14:21:33.178+05:30  INFO 837 --- [cart-service] [http-nio-8083-exec-10] c.s.cartservice.aop.LoggingAspect        : Enter: com.supermarket.cartservice.service.CartServiceImpl.getCartByUserId() with argument[s] = [[3]]
2025-08-14T14:21:33.186+05:30  INFO 837 --- [cart-service] [http-nio-8083-exec-10] c.s.cartservice.aop.LoggingAspect        : Exit: com.supermarket.cartservice.service.CartServiceImpl.getCartByUserId() with result = [com.supermarket.cartservice.model.Cart@24ec5692]
2025-08-14T14:21:33.186+05:30  INFO 837 --- [cart-service] [http-nio-8083-exec-10] c.s.cartservice.aop.LoggingAspect        : Execution time: com.supermarket.cartservice.service.CartServiceImpl.getCartByUserId() executed in 8 ms
2025-08-14T14:21:33.187+05:30  INFO 837 --- [cart-service] [http-nio-8083-exec-10] c.s.cartservice.aop.LoggingAspect        : Exit: com.supermarket.cartservice.controller.CartController.getCartByUser() with result = [com.supermarket.cartservice.model.Cart@24ec5692]
2025-08-14T14:21:35.211+05:30  INFO 837 --- [cart-service] [http-nio-8083-exec-1] c.s.cartservice.aop.LoggingAspect        : Enter: com.supermarket.cartservice.controller.CartController.decreaseQuantityFromUserCart() with argument[s] = [[3, Amul Fresh Milk 1Ltr]]
2025-08-14T14:21:35.213+05:30  INFO 837 --- [cart-service] [http-nio-8083-exec-1] c.s.cartservice.aop.LoggingAspect        : Enter: com.supermarket.cartservice.service.CartServiceImpl.decreaseQuantity() with argument[s] = [[3, Amul Fresh Milk 1Ltr]]
2025-08-14T14:21:35.225+05:30  INFO 837 --- [cart-service] [http-nio-8083-exec-1] c.s.cartservice.aop.LoggingAspect        : Exit: com.supermarket.cartservice.service.CartServiceImpl.decreaseQuantity() with result = [null]
2025-08-14T14:21:35.226+05:30  INFO 837 --- [cart-service] [http-nio-8083-exec-1] c.s.cartservice.aop.LoggingAspect        : Execution time: com.supermarket.cartservice.service.CartServiceImpl.decreaseQuantity() executed in 13 ms
2025-08-14T14:21:35.238+05:30  INFO 837 --- [cart-service] [http-nio-8083-exec-1] c.s.cartservice.aop.LoggingAspect        : Exit: com.supermarket.cartservice.controller.CartController.decreaseQuantityFromUserCart() with result = [Decreased item quantity by one]
2025-08-14T14:21:35.269+05:30  INFO 837 --- [cart-service] [http-nio-8083-exec-2] c.s.cartservice.aop.LoggingAspect        : Enter: com.supermarket.cartservice.controller.CartController.getCartByUser() with argument[s] = [[3]]
2025-08-14T14:21:35.270+05:30  INFO 837 --- [cart-service] [http-nio-8083-exec-2] c.s.cartservice.aop.LoggingAspect        : Enter: com.supermarket.cartservice.service.CartServiceImpl.getCartByUserId() with argument[s] = [[3]]
2025-08-14T14:21:35.277+05:30  INFO 837 --- [cart-service] [http-nio-8083-exec-2] c.s.cartservice.aop.LoggingAspect        : Exit: com.supermarket.cartservice.service.CartServiceImpl.getCartByUserId() with result = [com.supermarket.cartservice.model.Cart@49039ff8]
2025-08-14T14:21:35.278+05:30  INFO 837 --- [cart-service] [http-nio-8083-exec-2] c.s.cartservice.aop.LoggingAspect        : Execution time: com.supermarket.cartservice.service.CartServiceImpl.getCartByUserId() executed in 8 ms
2025-08-14T14:21:35.278+05:30  INFO 837 --- [cart-service] [http-nio-8083-exec-2] c.s.cartservice.aop.LoggingAspect        : Exit: com.supermarket.cartservice.controller.CartController.getCartByUser() with result = [com.supermarket.cartservice.model.Cart@49039ff8]
2025-08-14T14:21:36.641+05:30  INFO 837 --- [cart-service] [http-nio-8083-exec-3] c.s.cartservice.aop.LoggingAspect        : Enter: com.supermarket.cartservice.controller.CartController.decreaseQuantityFromUserCart() with argument[s] = [[3, Camlin Ruler 30cm]]
2025-08-14T14:21:36.646+05:30  INFO 837 --- [cart-service] [http-nio-8083-exec-3] c.s.cartservice.aop.LoggingAspect        : Enter: com.supermarket.cartservice.service.CartServiceImpl.decreaseQuantity() with argument[s] = [[3, Camlin Ruler 30cm]]
2025-08-14T14:21:36.659+05:30  INFO 837 --- [cart-service] [http-nio-8083-exec-3] c.s.cartservice.aop.LoggingAspect        : Exit: com.supermarket.cartservice.service.CartServiceImpl.decreaseQuantity() with result = [null]
2025-08-14T14:21:36.660+05:30  INFO 837 --- [cart-service] [http-nio-8083-exec-3] c.s.cartservice.aop.LoggingAspect        : Execution time: com.supermarket.cartservice.service.CartServiceImpl.decreaseQuantity() executed in 15 ms
2025-08-14T14:21:36.670+05:30  INFO 837 --- [cart-service] [http-nio-8083-exec-3] c.s.cartservice.aop.LoggingAspect        : Exit: com.supermarket.cartservice.controller.CartController.decreaseQuantityFromUserCart() with result = [Decreased item quantity by one]
2025-08-14T14:21:36.702+05:30  INFO 837 --- [cart-service] [http-nio-8083-exec-4] c.s.cartservice.aop.LoggingAspect        : Enter: com.supermarket.cartservice.controller.CartController.getCartByUser() with argument[s] = [[3]]
2025-08-14T14:21:36.702+05:30  INFO 837 --- [cart-service] [http-nio-8083-exec-4] c.s.cartservice.aop.LoggingAspect        : Enter: com.supermarket.cartservice.service.CartServiceImpl.getCartByUserId() with argument[s] = [[3]]
2025-08-14T14:21:36.712+05:30  INFO 837 --- [cart-service] [http-nio-8083-exec-4] c.s.cartservice.aop.LoggingAspect        : Exit: com.supermarket.cartservice.service.CartServiceImpl.getCartByUserId() with result = [com.supermarket.cartservice.model.Cart@1bbc0cc]
2025-08-14T14:21:36.712+05:30  INFO 837 --- [cart-service] [http-nio-8083-exec-4] c.s.cartservice.aop.LoggingAspect        : Execution time: com.supermarket.cartservice.service.CartServiceImpl.getCartByUserId() executed in 10 ms
2025-08-14T14:21:36.712+05:30  INFO 837 --- [cart-service] [http-nio-8083-exec-4] c.s.cartservice.aop.LoggingAspect        : Exit: com.supermarket.cartservice.controller.CartController.getCartByUser() with result = [com.supermarket.cartservice.model.Cart@1bbc0cc]
2025-08-14T14:21:38.499+05:30  INFO 837 --- [cart-service] [http-nio-8083-exec-5] c.s.cartservice.aop.LoggingAspect        : Enter: com.supermarket.cartservice.controller.CartController.increaseQuantityFromUserCart() with argument[s] = [[3, Amul Fresh Milk 1Ltr]]
2025-08-14T14:21:38.503+05:30  INFO 837 --- [cart-service] [http-nio-8083-exec-5] c.s.cartservice.aop.LoggingAspect        : Enter: com.supermarket.cartservice.service.CartServiceImpl.increaseQuantity() with argument[s] = [[3, Amul Fresh Milk 1Ltr]]
2025-08-14T14:21:38.541+05:30  INFO 837 --- [cart-service] [http-nio-8083-exec-5] c.s.cartservice.aop.LoggingAspect        : Exit: com.supermarket.cartservice.service.CartServiceImpl.increaseQuantity() with result = [null]
2025-08-14T14:21:38.541+05:30  INFO 837 --- [cart-service] [http-nio-8083-exec-5] c.s.cartservice.aop.LoggingAspect        : Execution time: com.supermarket.cartservice.service.CartServiceImpl.increaseQuantity() executed in 38 ms
2025-08-14T14:21:38.551+05:30  INFO 837 --- [cart-service] [http-nio-8083-exec-5] c.s.cartservice.aop.LoggingAspect        : Exit: com.supermarket.cartservice.controller.CartController.increaseQuantityFromUserCart() with result = [Increased item quantity by one]
2025-08-14T14:21:38.576+05:30  INFO 837 --- [cart-service] [http-nio-8083-exec-6] c.s.cartservice.aop.LoggingAspect        : Enter: com.supermarket.cartservice.controller.CartController.getCartByUser() with argument[s] = [[3]]
2025-08-14T14:21:38.578+05:30  INFO 837 --- [cart-service] [http-nio-8083-exec-6] c.s.cartservice.aop.LoggingAspect        : Enter: com.supermarket.cartservice.service.CartServiceImpl.getCartByUserId() with argument[s] = [[3]]
2025-08-14T14:21:38.588+05:30  INFO 837 --- [cart-service] [http-nio-8083-exec-6] c.s.cartservice.aop.LoggingAspect        : Exit: com.supermarket.cartservice.service.CartServiceImpl.getCartByUserId() with result = [com.supermarket.cartservice.model.Cart@1b98ca06]
2025-08-14T14:21:38.588+05:30  INFO 837 --- [cart-service] [http-nio-8083-exec-6] c.s.cartservice.aop.LoggingAspect        : Execution time: com.supermarket.cartservice.service.CartServiceImpl.getCartByUserId() executed in 11 ms
2025-08-14T14:21:38.589+05:30  INFO 837 --- [cart-service] [http-nio-8083-exec-6] c.s.cartservice.aop.LoggingAspect        : Exit: com.supermarket.cartservice.controller.CartController.getCartByUser() with result = [com.supermarket.cartservice.model.Cart@1b98ca06]
2025-08-14T14:21:42.615+05:30  INFO 837 --- [cart-service] [http-nio-8083-exec-7] c.s.cartservice.aop.LoggingAspect        : Enter: com.supermarket.cartservice.controller.CartController.increaseQuantityFromUserCart() with argument[s] = [[3, Amul Fresh Milk 1Ltr]]
2025-08-14T14:21:42.620+05:30  INFO 837 --- [cart-service] [http-nio-8083-exec-7] c.s.cartservice.aop.LoggingAspect        : Enter: com.supermarket.cartservice.service.CartServiceImpl.increaseQuantity() with argument[s] = [[3, Amul Fresh Milk 1Ltr]]
2025-08-14T14:21:42.649+05:30  INFO 837 --- [cart-service] [http-nio-8083-exec-7] c.s.cartservice.aop.LoggingAspect        : Exit: com.supermarket.cartservice.service.CartServiceImpl.increaseQuantity() with result = [null]
2025-08-14T14:21:42.649+05:30  INFO 837 --- [cart-service] [http-nio-8083-exec-7] c.s.cartservice.aop.LoggingAspect        : Execution time: com.supermarket.cartservice.service.CartServiceImpl.increaseQuantity() executed in 30 ms
2025-08-14T14:21:42.670+05:30  INFO 837 --- [cart-service] [http-nio-8083-exec-7] c.s.cartservice.aop.LoggingAspect        : Exit: com.supermarket.cartservice.controller.CartController.increaseQuantityFromUserCart() with result = [Increased item quantity by one]
2025-08-14T14:21:42.692+05:30  INFO 837 --- [cart-service] [http-nio-8083-exec-8] c.s.cartservice.aop.LoggingAspect        : Enter: com.supermarket.cartservice.controller.CartController.getCartByUser() with argument[s] = [[3]]
2025-08-14T14:21:42.694+05:30  INFO 837 --- [cart-service] [http-nio-8083-exec-8] c.s.cartservice.aop.LoggingAspect        : Enter: com.supermarket.cartservice.service.CartServiceImpl.getCartByUserId() with argument[s] = [[3]]
2025-08-14T14:21:42.702+05:30  INFO 837 --- [cart-service] [http-nio-8083-exec-8] c.s.cartservice.aop.LoggingAspect        : Exit: com.supermarket.cartservice.service.CartServiceImpl.getCartByUserId() with result = [com.supermarket.cartservice.model.Cart@831927d]
2025-08-14T14:21:42.702+05:30  INFO 837 --- [cart-service] [http-nio-8083-exec-8] c.s.cartservice.aop.LoggingAspect        : Execution time: com.supermarket.cartservice.service.CartServiceImpl.getCartByUserId() executed in 8 ms
2025-08-14T14:21:42.703+05:30  INFO 837 --- [cart-service] [http-nio-8083-exec-8] c.s.cartservice.aop.LoggingAspect        : Exit: com.supermarket.cartservice.controller.CartController.getCartByUser() with result = [com.supermarket.cartservice.model.Cart@831927d]
2025-08-14T14:21:44.424+05:30  INFO 837 --- [cart-service] [http-nio-8083-exec-9] c.s.cartservice.aop.LoggingAspect        : Enter: com.supermarket.cartservice.controller.CartController.decreaseQuantityFromUserCart() with argument[s] = [[3, Amul Fresh Milk 1Ltr]]
2025-08-14T14:21:44.429+05:30  INFO 837 --- [cart-service] [http-nio-8083-exec-9] c.s.cartservice.aop.LoggingAspect        : Enter: com.supermarket.cartservice.service.CartServiceImpl.decreaseQuantity() with argument[s] = [[3, Amul Fresh Milk 1Ltr]]
2025-08-14T14:21:44.441+05:30  INFO 837 --- [cart-service] [http-nio-8083-exec-9] c.s.cartservice.aop.LoggingAspect        : Exit: com.supermarket.cartservice.service.CartServiceImpl.decreaseQuantity() with result = [null]
2025-08-14T14:21:44.442+05:30  INFO 837 --- [cart-service] [http-nio-8083-exec-9] c.s.cartservice.aop.LoggingAspect        : Execution time: com.supermarket.cartservice.service.CartServiceImpl.decreaseQuantity() executed in 12 ms
2025-08-14T14:21:44.450+05:30  INFO 837 --- [cart-service] [http-nio-8083-exec-9] c.s.cartservice.aop.LoggingAspect        : Exit: com.supermarket.cartservice.controller.CartController.decreaseQuantityFromUserCart() with result = [Decreased item quantity by one]
2025-08-14T14:21:44.480+05:30  INFO 837 --- [cart-service] [http-nio-8083-exec-10] c.s.cartservice.aop.LoggingAspect        : Enter: com.supermarket.cartservice.controller.CartController.getCartByUser() with argument[s] = [[3]]
2025-08-14T14:21:44.481+05:30  INFO 837 --- [cart-service] [http-nio-8083-exec-10] c.s.cartservice.aop.LoggingAspect        : Enter: com.supermarket.cartservice.service.CartServiceImpl.getCartByUserId() with argument[s] = [[3]]
2025-08-14T14:21:44.489+05:30  INFO 837 --- [cart-service] [http-nio-8083-exec-10] c.s.cartservice.aop.LoggingAspect        : Exit: com.supermarket.cartservice.service.CartServiceImpl.getCartByUserId() with result = [com.supermarket.cartservice.model.Cart@1d59f7e1]
2025-08-14T14:21:44.489+05:30  INFO 837 --- [cart-service] [http-nio-8083-exec-10] c.s.cartservice.aop.LoggingAspect        : Execution time: com.supermarket.cartservice.service.CartServiceImpl.getCartByUserId() executed in 8 ms
2025-08-14T14:21:44.490+05:30  INFO 837 --- [cart-service] [http-nio-8083-exec-10] c.s.cartservice.aop.LoggingAspect        : Exit: com.supermarket.cartservice.controller.CartController.getCartByUser() with result = [com.supermarket.cartservice.model.Cart@1d59f7e1]
2025-08-14T14:21:52.173+05:30  INFO 837 --- [cart-service] [http-nio-8083-exec-1] c.s.cartservice.aop.LoggingAspect        : Enter: com.supermarket.cartservice.controller.CartController.increaseQuantityFromUserCart() with argument[s] = [[3, Amul Fresh Milk 1Ltr]]
2025-08-14T14:21:52.179+05:30  INFO 837 --- [cart-service] [http-nio-8083-exec-1] c.s.cartservice.aop.LoggingAspect        : Enter: com.supermarket.cartservice.service.CartServiceImpl.increaseQuantity() with argument[s] = [[3, Amul Fresh Milk 1Ltr]]
2025-08-14T14:21:52.207+05:30  INFO 837 --- [cart-service] [http-nio-8083-exec-1] c.s.cartservice.aop.LoggingAspect        : Exit: com.supermarket.cartservice.service.CartServiceImpl.increaseQuantity() with result = [null]
2025-08-14T14:21:52.208+05:30  INFO 837 --- [cart-service] [http-nio-8083-exec-1] c.s.cartservice.aop.LoggingAspect        : Execution time: com.supermarket.cartservice.service.CartServiceImpl.increaseQuantity() executed in 29 ms
2025-08-14T14:21:52.225+05:30  INFO 837 --- [cart-service] [http-nio-8083-exec-1] c.s.cartservice.aop.LoggingAspect        : Exit: com.supermarket.cartservice.controller.CartController.increaseQuantityFromUserCart() with result = [Increased item quantity by one]
2025-08-14T14:21:52.253+05:30  INFO 837 --- [cart-service] [http-nio-8083-exec-2] c.s.cartservice.aop.LoggingAspect        : Enter: com.supermarket.cartservice.controller.CartController.getCartByUser() with argument[s] = [[3]]
2025-08-14T14:21:52.254+05:30  INFO 837 --- [cart-service] [http-nio-8083-exec-2] c.s.cartservice.aop.LoggingAspect        : Enter: com.supermarket.cartservice.service.CartServiceImpl.getCartByUserId() with argument[s] = [[3]]
2025-08-14T14:21:52.261+05:30  INFO 837 --- [cart-service] [http-nio-8083-exec-2] c.s.cartservice.aop.LoggingAspect        : Exit: com.supermarket.cartservice.service.CartServiceImpl.getCartByUserId() with result = [com.supermarket.cartservice.model.Cart@19a361af]
2025-08-14T14:21:52.261+05:30  INFO 837 --- [cart-service] [http-nio-8083-exec-2] c.s.cartservice.aop.LoggingAspect        : Execution time: com.supermarket.cartservice.service.CartServiceImpl.getCartByUserId() executed in 7 ms
2025-08-14T14:21:52.261+05:30  INFO 837 --- [cart-service] [http-nio-8083-exec-2] c.s.cartservice.aop.LoggingAspect        : Exit: com.supermarket.cartservice.controller.CartController.getCartByUser() with result = [com.supermarket.cartservice.model.Cart@19a361af]
2025-08-14T14:21:53.746+05:30  INFO 837 --- [cart-service] [http-nio-8083-exec-3] c.s.cartservice.aop.LoggingAspect        : Enter: com.supermarket.cartservice.controller.CartController.decreaseQuantityFromUserCart() with argument[s] = [[3, Amul Fresh Milk 1Ltr]]
2025-08-14T14:21:53.748+05:30  INFO 837 --- [cart-service] [http-nio-8083-exec-3] c.s.cartservice.aop.LoggingAspect        : Enter: com.supermarket.cartservice.service.CartServiceImpl.decreaseQuantity() with argument[s] = [[3, Amul Fresh Milk 1Ltr]]
2025-08-14T14:21:53.757+05:30  INFO 837 --- [cart-service] [http-nio-8083-exec-3] c.s.cartservice.aop.LoggingAspect        : Exit: com.supermarket.cartservice.service.CartServiceImpl.decreaseQuantity() with result = [null]
2025-08-14T14:21:53.757+05:30  INFO 837 --- [cart-service] [http-nio-8083-exec-3] c.s.cartservice.aop.LoggingAspect        : Execution time: com.supermarket.cartservice.service.CartServiceImpl.decreaseQuantity() executed in 9 ms
2025-08-14T14:21:53.765+05:30  INFO 837 --- [cart-service] [http-nio-8083-exec-3] c.s.cartservice.aop.LoggingAspect        : Exit: com.supermarket.cartservice.controller.CartController.decreaseQuantityFromUserCart() with result = [Decreased item quantity by one]
2025-08-14T14:21:53.798+05:30  INFO 837 --- [cart-service] [http-nio-8083-exec-4] c.s.cartservice.aop.LoggingAspect        : Enter: com.supermarket.cartservice.controller.CartController.getCartByUser() with argument[s] = [[3]]
2025-08-14T14:21:53.799+05:30  INFO 837 --- [cart-service] [http-nio-8083-exec-4] c.s.cartservice.aop.LoggingAspect        : Enter: com.supermarket.cartservice.service.CartServiceImpl.getCartByUserId() with argument[s] = [[3]]
2025-08-14T14:21:53.812+05:30  INFO 837 --- [cart-service] [http-nio-8083-exec-4] c.s.cartservice.aop.LoggingAspect        : Exit: com.supermarket.cartservice.service.CartServiceImpl.getCartByUserId() with result = [com.supermarket.cartservice.model.Cart@4d74563]
2025-08-14T14:21:53.812+05:30  INFO 837 --- [cart-service] [http-nio-8083-exec-4] c.s.cartservice.aop.LoggingAspect        : Execution time: com.supermarket.cartservice.service.CartServiceImpl.getCartByUserId() executed in 13 ms
2025-08-14T14:21:53.812+05:30  INFO 837 --- [cart-service] [http-nio-8083-exec-4] c.s.cartservice.aop.LoggingAspect        : Exit: com.supermarket.cartservice.controller.CartController.getCartByUser() with result = [com.supermarket.cartservice.model.Cart@4d74563]
2025-08-14T14:21:55.376+05:30  INFO 837 --- [cart-service] [http-nio-8083-exec-5] c.s.cartservice.aop.LoggingAspect        : Enter: com.supermarket.cartservice.controller.CartController.increaseQuantityFromUserCart() with argument[s] = [[3, Amul Fresh Milk 1Ltr]]
2025-08-14T14:21:55.380+05:30  INFO 837 --- [cart-service] [http-nio-8083-exec-5] c.s.cartservice.aop.LoggingAspect        : Enter: com.supermarket.cartservice.service.CartServiceImpl.increaseQuantity() with argument[s] = [[3, Amul Fresh Milk 1Ltr]]
2025-08-14T14:21:55.407+05:30  INFO 837 --- [cart-service] [http-nio-8083-exec-5] c.s.cartservice.aop.LoggingAspect        : Exit: com.supermarket.cartservice.service.CartServiceImpl.increaseQuantity() with result = [null]
2025-08-14T14:21:55.408+05:30  INFO 837 --- [cart-service] [http-nio-8083-exec-5] c.s.cartservice.aop.LoggingAspect        : Execution time: com.supermarket.cartservice.service.CartServiceImpl.increaseQuantity() executed in 28 ms
2025-08-14T14:21:55.424+05:30  INFO 837 --- [cart-service] [http-nio-8083-exec-5] c.s.cartservice.aop.LoggingAspect        : Exit: com.supermarket.cartservice.controller.CartController.increaseQuantityFromUserCart() with result = [Increased item quantity by one]
2025-08-14T14:21:55.452+05:30  INFO 837 --- [cart-service] [http-nio-8083-exec-6] c.s.cartservice.aop.LoggingAspect        : Enter: com.supermarket.cartservice.controller.CartController.getCartByUser() with argument[s] = [[3]]
2025-08-14T14:21:55.453+05:30  INFO 837 --- [cart-service] [http-nio-8083-exec-6] c.s.cartservice.aop.LoggingAspect        : Enter: com.supermarket.cartservice.service.CartServiceImpl.getCartByUserId() with argument[s] = [[3]]
2025-08-14T14:21:55.463+05:30  INFO 837 --- [cart-service] [http-nio-8083-exec-6] c.s.cartservice.aop.LoggingAspect        : Exit: com.supermarket.cartservice.service.CartServiceImpl.getCartByUserId() with result = [com.supermarket.cartservice.model.Cart@2d0bb9cf]
2025-08-14T14:21:55.463+05:30  INFO 837 --- [cart-service] [http-nio-8083-exec-6] c.s.cartservice.aop.LoggingAspect        : Execution time: com.supermarket.cartservice.service.CartServiceImpl.getCartByUserId() executed in 10 ms
2025-08-14T14:21:55.463+05:30  INFO 837 --- [cart-service] [http-nio-8083-exec-6] c.s.cartservice.aop.LoggingAspect        : Exit: com.supermarket.cartservice.controller.CartController.getCartByUser() with result = [com.supermarket.cartservice.model.Cart@2d0bb9cf]
2025-08-14T14:21:57.159+05:30  INFO 837 --- [cart-service] [http-nio-8083-exec-7] c.s.cartservice.aop.LoggingAspect        : Enter: com.supermarket.cartservice.controller.CartController.decreaseQuantityFromUserCart() with argument[s] = [[3, Amul Fresh Milk 1Ltr]]
2025-08-14T14:21:57.164+05:30  INFO 837 --- [cart-service] [http-nio-8083-exec-7] c.s.cartservice.aop.LoggingAspect        : Enter: com.supermarket.cartservice.service.CartServiceImpl.decreaseQuantity() with argument[s] = [[3, Amul Fresh Milk 1Ltr]]
2025-08-14T14:21:57.174+05:30  INFO 837 --- [cart-service] [http-nio-8083-exec-7] c.s.cartservice.aop.LoggingAspect        : Exit: com.supermarket.cartservice.service.CartServiceImpl.decreaseQuantity() with result = [null]
2025-08-14T14:21:57.174+05:30  INFO 837 --- [cart-service] [http-nio-8083-exec-7] c.s.cartservice.aop.LoggingAspect        : Execution time: com.supermarket.cartservice.service.CartServiceImpl.decreaseQuantity() executed in 10 ms
2025-08-14T14:21:57.183+05:30  INFO 837 --- [cart-service] [http-nio-8083-exec-7] c.s.cartservice.aop.LoggingAspect        : Exit: com.supermarket.cartservice.controller.CartController.decreaseQuantityFromUserCart() with result = [Decreased item quantity by one]
2025-08-14T14:21:57.208+05:30  INFO 837 --- [cart-service] [http-nio-8083-exec-8] c.s.cartservice.aop.LoggingAspect        : Enter: com.supermarket.cartservice.controller.CartController.getCartByUser() with argument[s] = [[3]]
2025-08-14T14:21:57.209+05:30  INFO 837 --- [cart-service] [http-nio-8083-exec-8] c.s.cartservice.aop.LoggingAspect        : Enter: com.supermarket.cartservice.service.CartServiceImpl.getCartByUserId() with argument[s] = [[3]]
2025-08-14T14:21:57.220+05:30  INFO 837 --- [cart-service] [http-nio-8083-exec-8] c.s.cartservice.aop.LoggingAspect        : Exit: com.supermarket.cartservice.service.CartServiceImpl.getCartByUserId() with result = [com.supermarket.cartservice.model.Cart@6b1b5494]
2025-08-14T14:21:57.220+05:30  INFO 837 --- [cart-service] [http-nio-8083-exec-8] c.s.cartservice.aop.LoggingAspect        : Execution time: com.supermarket.cartservice.service.CartServiceImpl.getCartByUserId() executed in 11 ms
2025-08-14T14:21:57.221+05:30  INFO 837 --- [cart-service] [http-nio-8083-exec-8] c.s.cartservice.aop.LoggingAspect        : Exit: com.supermarket.cartservice.controller.CartController.getCartByUser() with result = [com.supermarket.cartservice.model.Cart@6b1b5494]
2025-08-14T14:21:58.830+05:30  INFO 837 --- [cart-service] [http-nio-8083-exec-9] c.s.cartservice.aop.LoggingAspect        : Enter: com.supermarket.cartservice.controller.CartController.decreaseQuantityFromUserCart() with argument[s] = [[3, Amul Fresh Milk 1Ltr]]
2025-08-14T14:21:58.833+05:30  INFO 837 --- [cart-service] [http-nio-8083-exec-9] c.s.cartservice.aop.LoggingAspect        : Enter: com.supermarket.cartservice.service.CartServiceImpl.decreaseQuantity() with argument[s] = [[3, Amul Fresh Milk 1Ltr]]
2025-08-14T14:21:58.847+05:30  INFO 837 --- [cart-service] [http-nio-8083-exec-9] c.s.cartservice.aop.LoggingAspect        : Exit: com.supermarket.cartservice.service.CartServiceImpl.decreaseQuantity() with result = [null]
2025-08-14T14:21:58.848+05:30  INFO 837 --- [cart-service] [http-nio-8083-exec-9] c.s.cartservice.aop.LoggingAspect        : Execution time: com.supermarket.cartservice.service.CartServiceImpl.decreaseQuantity() executed in 16 ms
2025-08-14T14:21:58.860+05:30  INFO 837 --- [cart-service] [http-nio-8083-exec-9] c.s.cartservice.aop.LoggingAspect        : Exit: com.supermarket.cartservice.controller.CartController.decreaseQuantityFromUserCart() with result = [Decreased item quantity by one]
2025-08-14T14:21:58.888+05:30  INFO 837 --- [cart-service] [http-nio-8083-exec-10] c.s.cartservice.aop.LoggingAspect        : Enter: com.supermarket.cartservice.controller.CartController.getCartByUser() with argument[s] = [[3]]
2025-08-14T14:21:58.890+05:30  INFO 837 --- [cart-service] [http-nio-8083-exec-10] c.s.cartservice.aop.LoggingAspect        : Enter: com.supermarket.cartservice.service.CartServiceImpl.getCartByUserId() with argument[s] = [[3]]
2025-08-14T14:21:58.901+05:30  INFO 837 --- [cart-service] [http-nio-8083-exec-10] c.s.cartservice.aop.LoggingAspect        : Exit: com.supermarket.cartservice.service.CartServiceImpl.getCartByUserId() with result = [com.supermarket.cartservice.model.Cart@110f1d6b]
2025-08-14T14:21:58.902+05:30  INFO 837 --- [cart-service] [http-nio-8083-exec-10] c.s.cartservice.aop.LoggingAspect        : Execution time: com.supermarket.cartservice.service.CartServiceImpl.getCartByUserId() executed in 12 ms
2025-08-14T14:21:58.903+05:30  INFO 837 --- [cart-service] [http-nio-8083-exec-10] c.s.cartservice.aop.LoggingAspect        : Exit: com.supermarket.cartservice.controller.CartController.getCartByUser() with result = [com.supermarket.cartservice.model.Cart@110f1d6b]
2025-08-14T14:22:39.230+05:30  INFO 837 --- [cart-service] [http-nio-8083-exec-1] c.s.cartservice.aop.LoggingAspect        : Enter: com.supermarket.cartservice.controller.CartController.increaseQuantityFromUserCart() with argument[s] = [[3, Camlin Ruler 30cm]]
2025-08-14T14:22:39.239+05:30  INFO 837 --- [cart-service] [http-nio-8083-exec-1] c.s.cartservice.aop.LoggingAspect        : Enter: com.supermarket.cartservice.service.CartServiceImpl.increaseQuantity() with argument[s] = [[3, Camlin Ruler 30cm]]
2025-08-14T14:22:39.279+05:30  INFO 837 --- [cart-service] [http-nio-8083-exec-1] c.s.cartservice.aop.LoggingAspect        : Exit: com.supermarket.cartservice.service.CartServiceImpl.increaseQuantity() with result = [null]
2025-08-14T14:22:39.280+05:30  INFO 837 --- [cart-service] [http-nio-8083-exec-1] c.s.cartservice.aop.LoggingAspect        : Execution time: com.supermarket.cartservice.service.CartServiceImpl.increaseQuantity() executed in 41 ms
2025-08-14T14:22:39.293+05:30  INFO 837 --- [cart-service] [http-nio-8083-exec-1] c.s.cartservice.aop.LoggingAspect        : Exit: com.supermarket.cartservice.controller.CartController.increaseQuantityFromUserCart() with result = [Increased item quantity by one]
2025-08-14T14:22:39.370+05:30  INFO 837 --- [cart-service] [http-nio-8083-exec-2] c.s.cartservice.aop.LoggingAspect        : Enter: com.supermarket.cartservice.controller.CartController.getCartByUser() with argument[s] = [[3]]
2025-08-14T14:22:39.370+05:30  INFO 837 --- [cart-service] [http-nio-8083-exec-2] c.s.cartservice.aop.LoggingAspect        : Enter: com.supermarket.cartservice.service.CartServiceImpl.getCartByUserId() with argument[s] = [[3]]
2025-08-14T14:22:39.393+05:30  INFO 837 --- [cart-service] [http-nio-8083-exec-2] c.s.cartservice.aop.LoggingAspect        : Exit: com.supermarket.cartservice.service.CartServiceImpl.getCartByUserId() with result = [com.supermarket.cartservice.model.Cart@56f0999]
2025-08-14T14:22:39.393+05:30  INFO 837 --- [cart-service] [http-nio-8083-exec-2] c.s.cartservice.aop.LoggingAspect        : Execution time: com.supermarket.cartservice.service.CartServiceImpl.getCartByUserId() executed in 23 ms
2025-08-14T14:22:39.393+05:30  INFO 837 --- [cart-service] [http-nio-8083-exec-2] c.s.cartservice.aop.LoggingAspect        : Exit: com.supermarket.cartservice.controller.CartController.getCartByUser() with result = [com.supermarket.cartservice.model.Cart@56f0999]
2025-08-14T14:22:43.689+05:30  INFO 837 --- [cart-service] [http-nio-8083-exec-3] c.s.cartservice.aop.LoggingAspect        : Enter: com.supermarket.cartservice.controller.CartController.getCartItemsByUserId() with argument[s] = [[3]]
2025-08-14T14:22:43.690+05:30  INFO 837 --- [cart-service] [http-nio-8083-exec-3] c.s.cartservice.aop.LoggingAspect        : Enter: com.supermarket.cartservice.service.CartServiceImpl.getCartItemsByUserId() with argument[s] = [[3]]
2025-08-14T14:22:43.702+05:30  INFO 837 --- [cart-service] [http-nio-8083-exec-3] c.s.cartservice.aop.LoggingAspect        : Exit: com.supermarket.cartservice.service.CartServiceImpl.getCartItemsByUserId() with result = [[com.supermarket.cartservice.model.CartItems@349dcd06, com.supermarket.cartservice.model.CartItems@9b75a05] (Size: 2)]
2025-08-14T14:22:43.702+05:30  INFO 837 --- [cart-service] [http-nio-8083-exec-3] c.s.cartservice.aop.LoggingAspect        : Execution time: com.supermarket.cartservice.service.CartServiceImpl.getCartItemsByUserId() executed in 12 ms
2025-08-14T14:22:43.702+05:30  INFO 837 --- [cart-service] [http-nio-8083-exec-3] c.s.cartservice.aop.LoggingAspect        : Exit: com.supermarket.cartservice.controller.CartController.getCartItemsByUserId() with result = [[com.supermarket.cartservice.model.CartItems@349dcd06, com.supermarket.cartservice.model.CartItems@9b75a05] (Size: 2)]
2025-08-14T14:22:43.734+05:30  INFO 837 --- [cart-service] [http-nio-8083-exec-4] c.s.cartservice.aop.LoggingAspect        : Enter: com.supermarket.cartservice.controller.CartController.getCartIdByUserId() with argument[s] = [[3]]
2025-08-14T14:22:43.734+05:30  INFO 837 --- [cart-service] [http-nio-8083-exec-4] c.s.cartservice.aop.LoggingAspect        : Enter: com.supermarket.cartservice.service.CartServiceImpl.getCartIdByUserId() with argument[s] = [[3]]
2025-08-14T14:22:43.742+05:30  INFO 837 --- [cart-service] [http-nio-8083-exec-4] c.s.cartservice.aop.LoggingAspect        : Exit: com.supermarket.cartservice.service.CartServiceImpl.getCartIdByUserId() with result = [1]
2025-08-14T14:22:43.742+05:30  INFO 837 --- [cart-service] [http-nio-8083-exec-4] c.s.cartservice.aop.LoggingAspect        : Execution time: com.supermarket.cartservice.service.CartServiceImpl.getCartIdByUserId() executed in 8 ms
2025-08-14T14:22:43.743+05:30  INFO 837 --- [cart-service] [http-nio-8083-exec-4] c.s.cartservice.aop.LoggingAspect        : Exit: com.supermarket.cartservice.controller.CartController.getCartIdByUserId() with result = [1]
2025-08-14T14:22:56.575+05:30  INFO 837 --- [cart-service] [http-nio-8083-exec-5] c.s.cartservice.aop.LoggingAspect        : Enter: com.supermarket.cartservice.controller.CartController.clearCartAndReduceStockForUser() with argument[s] = [[3]]
2025-08-14T14:22:56.578+05:30  INFO 837 --- [cart-service] [http-nio-8083-exec-5] c.s.cartservice.aop.LoggingAspect        : Enter: com.supermarket.cartservice.service.CartServiceImpl.clearCart() with argument[s] = [[3]]
2025-08-14T14:22:56.738+05:30  INFO 837 --- [cart-service] [http-nio-8083-exec-5] c.s.cartservice.aop.LoggingAspect        : Exit: com.supermarket.cartservice.service.CartServiceImpl.clearCart() with result = [null]
2025-08-14T14:22:56.739+05:30  INFO 837 --- [cart-service] [http-nio-8083-exec-5] c.s.cartservice.aop.LoggingAspect        : Execution time: com.supermarket.cartservice.service.CartServiceImpl.clearCart() executed in 161 ms
2025-08-14T14:22:56.753+05:30  INFO 837 --- [cart-service] [http-nio-8083-exec-5] c.s.cartservice.aop.LoggingAspect        : Exit: com.supermarket.cartservice.controller.CartController.clearCartAndReduceStockForUser() with result = [Cart cleared successfully.]
2025-08-14T14:24:13.107+05:30  INFO 837 --- [cart-service] [http-nio-8083-exec-9] c.s.cartservice.aop.LoggingAspect        : Enter: com.supermarket.cartservice.controller.CartController.getMyCart() with argument[s] = [[3]]
2025-08-14T14:24:13.111+05:30  INFO 837 --- [cart-service] [http-nio-8083-exec-9] c.s.cartservice.aop.LoggingAspect        : Enter: com.supermarket.cartservice.service.CartServiceImpl.getMyCart() with argument[s] = [[3]]
2025-08-14T14:24:13.121+05:30  INFO 837 --- [cart-service] [http-nio-8083-exec-9] c.s.cartservice.aop.LoggingAspect        : Exit: com.supermarket.cartservice.service.CartServiceImpl.getMyCart() with result = [com.supermarket.cartservice.model.Cart@723f3022]
2025-08-14T14:24:13.122+05:30  INFO 837 --- [cart-service] [http-nio-8083-exec-9] c.s.cartservice.aop.LoggingAspect        : Execution time: com.supermarket.cartservice.service.CartServiceImpl.getMyCart() executed in 12 ms
2025-08-14T14:24:13.122+05:30  INFO 837 --- [cart-service] [http-nio-8083-exec-9] c.s.cartservice.aop.LoggingAspect        : Exit: com.supermarket.cartservice.controller.CartController.getMyCart() with result = [com.supermarket.cartservice.model.Cart@723f3022]
2025-08-14T14:24:13.159+05:30  INFO 837 --- [cart-service] [http-nio-8083-exec-10] c.s.cartservice.aop.LoggingAspect        : Enter: com.supermarket.cartservice.controller.CartController.getMyCart() with argument[s] = [[3]]
2025-08-14T14:24:13.160+05:30  INFO 837 --- [cart-service] [http-nio-8083-exec-10] c.s.cartservice.aop.LoggingAspect        : Enter: com.supermarket.cartservice.service.CartServiceImpl.getMyCart() with argument[s] = [[3]]
2025-08-14T14:24:13.176+05:30  INFO 837 --- [cart-service] [http-nio-8083-exec-10] c.s.cartservice.aop.LoggingAspect        : Exit: com.supermarket.cartservice.service.CartServiceImpl.getMyCart() with result = [com.supermarket.cartservice.model.Cart@7b28c626]
2025-08-14T14:24:13.176+05:30  INFO 837 --- [cart-service] [http-nio-8083-exec-10] c.s.cartservice.aop.LoggingAspect        : Execution time: com.supermarket.cartservice.service.CartServiceImpl.getMyCart() executed in 16 ms
2025-08-14T14:24:13.177+05:30  INFO 837 --- [cart-service] [http-nio-8083-exec-10] c.s.cartservice.aop.LoggingAspect        : Exit: com.supermarket.cartservice.controller.CartController.getMyCart() with result = [com.supermarket.cartservice.model.Cart@7b28c626]
2025-08-14T14:24:22.042+05:30  INFO 837 --- [cart-service] [http-nio-8083-exec-1] c.s.cartservice.aop.LoggingAspect        : Enter: com.supermarket.cartservice.controller.CartController.addToMyCart() with argument[s] = [[3, Naturali Anti Dandruff Shampoo 100ml, 1]]
2025-08-14T14:24:22.057+05:30  INFO 837 --- [cart-service] [http-nio-8083-exec-1] c.s.cartservice.aop.LoggingAspect        : Enter: com.supermarket.cartservice.service.CartServiceImpl.addToCart() with argument[s] = [[3, Naturali Anti Dandruff Shampoo 100ml, 1]]
2025-08-14T14:24:22.126+05:30  INFO 837 --- [cart-service] [http-nio-8083-exec-1] c.s.cartservice.aop.LoggingAspect        : Exit: com.supermarket.cartservice.service.CartServiceImpl.addToCart() with result = [null]
2025-08-14T14:24:22.126+05:30  INFO 837 --- [cart-service] [http-nio-8083-exec-1] c.s.cartservice.aop.LoggingAspect        : Execution time: com.supermarket.cartservice.service.CartServiceImpl.addToCart() executed in 69 ms
2025-08-14T14:24:22.137+05:30  INFO 837 --- [cart-service] [http-nio-8083-exec-1] c.s.cartservice.aop.LoggingAspect        : Exit: com.supermarket.cartservice.controller.CartController.addToMyCart() with result = [Product with product name Naturali Anti Dandruff Shampoo 100ml added to cart with userId 3]
2025-08-14T14:24:22.216+05:30  INFO 837 --- [cart-service] [http-nio-8083-exec-2] c.s.cartservice.aop.LoggingAspect        : Enter: com.supermarket.cartservice.controller.CartController.getMyCart() with argument[s] = [[3]]
2025-08-14T14:24:22.217+05:30  INFO 837 --- [cart-service] [http-nio-8083-exec-2] c.s.cartservice.aop.LoggingAspect        : Enter: com.supermarket.cartservice.service.CartServiceImpl.getMyCart() with argument[s] = [[3]]
2025-08-14T14:24:22.226+05:30  INFO 837 --- [cart-service] [http-nio-8083-exec-2] c.s.cartservice.aop.LoggingAspect        : Exit: com.supermarket.cartservice.service.CartServiceImpl.getMyCart() with result = [com.supermarket.cartservice.model.Cart@3f43dbe9]
2025-08-14T14:24:22.226+05:30  INFO 837 --- [cart-service] [http-nio-8083-exec-2] c.s.cartservice.aop.LoggingAspect        : Execution time: com.supermarket.cartservice.service.CartServiceImpl.getMyCart() executed in 9 ms
2025-08-14T14:24:22.227+05:30  INFO 837 --- [cart-service] [http-nio-8083-exec-2] c.s.cartservice.aop.LoggingAspect        : Exit: com.supermarket.cartservice.controller.CartController.getMyCart() with result = [com.supermarket.cartservice.model.Cart@3f43dbe9]
2025-08-14T14:24:30.803+05:30  INFO 837 --- [cart-service] [http-nio-8083-exec-3] c.s.cartservice.aop.LoggingAspect        : Enter: com.supermarket.cartservice.controller.CartController.addToMyCart() with argument[s] = [[3, Amul Fresh Milk 1Ltr, 1]]
2025-08-14T14:24:30.806+05:30  INFO 837 --- [cart-service] [http-nio-8083-exec-3] c.s.cartservice.aop.LoggingAspect        : Enter: com.supermarket.cartservice.service.CartServiceImpl.addToCart() with argument[s] = [[3, Amul Fresh Milk 1Ltr, 1]]
2025-08-14T14:24:30.848+05:30  INFO 837 --- [cart-service] [http-nio-8083-exec-3] c.s.cartservice.aop.LoggingAspect        : Exit: com.supermarket.cartservice.service.CartServiceImpl.addToCart() with result = [null]
2025-08-14T14:24:30.848+05:30  INFO 837 --- [cart-service] [http-nio-8083-exec-3] c.s.cartservice.aop.LoggingAspect        : Execution time: com.supermarket.cartservice.service.CartServiceImpl.addToCart() executed in 42 ms
2025-08-14T14:24:30.853+05:30  INFO 837 --- [cart-service] [http-nio-8083-exec-3] c.s.cartservice.aop.LoggingAspect        : Exit: com.supermarket.cartservice.controller.CartController.addToMyCart() with result = [Product with product name Amul Fresh Milk 1Ltr added to cart with userId 3]
2025-08-14T14:24:30.931+05:30  INFO 837 --- [cart-service] [http-nio-8083-exec-4] c.s.cartservice.aop.LoggingAspect        : Enter: com.supermarket.cartservice.controller.CartController.getMyCart() with argument[s] = [[3]]
2025-08-14T14:24:30.933+05:30  INFO 837 --- [cart-service] [http-nio-8083-exec-4] c.s.cartservice.aop.LoggingAspect        : Enter: com.supermarket.cartservice.service.CartServiceImpl.getMyCart() with argument[s] = [[3]]
2025-08-14T14:24:30.941+05:30  INFO 837 --- [cart-service] [http-nio-8083-exec-4] c.s.cartservice.aop.LoggingAspect        : Exit: com.supermarket.cartservice.service.CartServiceImpl.getMyCart() with result = [com.supermarket.cartservice.model.Cart@172e8025]
2025-08-14T14:24:30.941+05:30  INFO 837 --- [cart-service] [http-nio-8083-exec-4] c.s.cartservice.aop.LoggingAspect        : Execution time: com.supermarket.cartservice.service.CartServiceImpl.getMyCart() executed in 9 ms
2025-08-14T14:24:30.942+05:30  INFO 837 --- [cart-service] [http-nio-8083-exec-4] c.s.cartservice.aop.LoggingAspect        : Exit: com.supermarket.cartservice.controller.CartController.getMyCart() with result = [com.supermarket.cartservice.model.Cart@172e8025]
2025-08-14T14:24:40.904+05:30  INFO 837 --- [cart-service] [http-nio-8083-exec-5] c.s.cartservice.aop.LoggingAspect        : Enter: com.supermarket.cartservice.controller.CartController.getCartItemsByUserId() with argument[s] = [[3]]
2025-08-14T14:24:40.905+05:30  INFO 837 --- [cart-service] [http-nio-8083-exec-5] c.s.cartservice.aop.LoggingAspect        : Enter: com.supermarket.cartservice.service.CartServiceImpl.getCartItemsByUserId() with argument[s] = [[3]]
2025-08-14T14:24:40.913+05:30  INFO 837 --- [cart-service] [http-nio-8083-exec-5] c.s.cartservice.aop.LoggingAspect        : Exit: com.supermarket.cartservice.service.CartServiceImpl.getCartItemsByUserId() with result = [[com.supermarket.cartservice.model.CartItems@40485483, com.supermarket.cartservice.model.CartItems@59e146b0] (Size: 2)]
2025-08-14T14:24:40.914+05:30  INFO 837 --- [cart-service] [http-nio-8083-exec-5] c.s.cartservice.aop.LoggingAspect        : Execution time: com.supermarket.cartservice.service.CartServiceImpl.getCartItemsByUserId() executed in 9 ms
2025-08-14T14:24:40.915+05:30  INFO 837 --- [cart-service] [http-nio-8083-exec-5] c.s.cartservice.aop.LoggingAspect        : Exit: com.supermarket.cartservice.controller.CartController.getCartItemsByUserId() with result = [[com.supermarket.cartservice.model.CartItems@40485483, com.supermarket.cartservice.model.CartItems@59e146b0] (Size: 2)]
2025-08-14T14:24:40.920+05:30  INFO 837 --- [cart-service] [http-nio-8083-exec-6] c.s.cartservice.aop.LoggingAspect        : Enter: com.supermarket.cartservice.controller.CartController.getCartIdByUserId() with argument[s] = [[3]]
2025-08-14T14:24:40.921+05:30  INFO 837 --- [cart-service] [http-nio-8083-exec-6] c.s.cartservice.aop.LoggingAspect        : Enter: com.supermarket.cartservice.service.CartServiceImpl.getCartIdByUserId() with argument[s] = [[3]]
2025-08-14T14:24:40.928+05:30  INFO 837 --- [cart-service] [http-nio-8083-exec-6] c.s.cartservice.aop.LoggingAspect        : Exit: com.supermarket.cartservice.service.CartServiceImpl.getCartIdByUserId() with result = [1]
2025-08-14T14:24:40.929+05:30  INFO 837 --- [cart-service] [http-nio-8083-exec-6] c.s.cartservice.aop.LoggingAspect        : Execution time: com.supermarket.cartservice.service.CartServiceImpl.getCartIdByUserId() executed in 8 ms
2025-08-14T14:24:40.929+05:30  INFO 837 --- [cart-service] [http-nio-8083-exec-6] c.s.cartservice.aop.LoggingAspect        : Exit: com.supermarket.cartservice.controller.CartController.getCartIdByUserId() with result = [1]
2025-08-14T14:24:40.998+05:30  INFO 837 --- [cart-service] [http-nio-8083-exec-7] c.s.cartservice.aop.LoggingAspect        : Enter: com.supermarket.cartservice.controller.CartController.getMyCart() with argument[s] = [[3]]
2025-08-14T14:24:40.998+05:30  INFO 837 --- [cart-service] [http-nio-8083-exec-7] c.s.cartservice.aop.LoggingAspect        : Enter: com.supermarket.cartservice.service.CartServiceImpl.getMyCart() with argument[s] = [[3]]
2025-08-14T14:24:41.009+05:30  INFO 837 --- [cart-service] [http-nio-8083-exec-7] c.s.cartservice.aop.LoggingAspect        : Exit: com.supermarket.cartservice.service.CartServiceImpl.getMyCart() with result = [com.supermarket.cartservice.model.Cart@c997d55]
2025-08-14T14:24:41.009+05:30  INFO 837 --- [cart-service] [http-nio-8083-exec-7] c.s.cartservice.aop.LoggingAspect        : Execution time: com.supermarket.cartservice.service.CartServiceImpl.getMyCart() executed in 11 ms
2025-08-14T14:24:41.009+05:30  INFO 837 --- [cart-service] [http-nio-8083-exec-7] c.s.cartservice.aop.LoggingAspect        : Exit: com.supermarket.cartservice.controller.CartController.getMyCart() with result = [com.supermarket.cartservice.model.Cart@c997d55]
2025-08-14T14:25:00.328+05:30  INFO 837 --- [cart-service] [http-nio-8083-exec-8] c.s.cartservice.aop.LoggingAspect        : Enter: com.supermarket.cartservice.controller.CartController.clearCartAndReduceStockForUser() with argument[s] = [[3]]
2025-08-14T14:25:00.333+05:30  INFO 837 --- [cart-service] [http-nio-8083-exec-8] c.s.cartservice.aop.LoggingAspect        : Enter: com.supermarket.cartservice.service.CartServiceImpl.clearCart() with argument[s] = [[3]]
2025-08-14T14:25:00.391+05:30  INFO 837 --- [cart-service] [http-nio-8083-exec-8] c.s.cartservice.aop.LoggingAspect        : Exit: com.supermarket.cartservice.service.CartServiceImpl.clearCart() with result = [null]
2025-08-14T14:25:00.391+05:30  INFO 837 --- [cart-service] [http-nio-8083-exec-8] c.s.cartservice.aop.LoggingAspect        : Execution time: com.supermarket.cartservice.service.CartServiceImpl.clearCart() executed in 58 ms
2025-08-14T14:25:00.399+05:30  INFO 837 --- [cart-service] [http-nio-8083-exec-8] c.s.cartservice.aop.LoggingAspect        : Exit: com.supermarket.cartservice.controller.CartController.clearCartAndReduceStockForUser() with result = [Cart cleared successfully.]
2025-08-14T14:25:00.539+05:30  INFO 837 --- [cart-service] [http-nio-8083-exec-9] c.s.cartservice.aop.LoggingAspect        : Enter: com.supermarket.cartservice.controller.CartController.getMyCart() with argument[s] = [[3]]
2025-08-14T14:25:00.540+05:30  INFO 837 --- [cart-service] [http-nio-8083-exec-9] c.s.cartservice.aop.LoggingAspect        : Enter: com.supermarket.cartservice.service.CartServiceImpl.getMyCart() with argument[s] = [[3]]
2025-08-14T14:25:00.550+05:30  INFO 837 --- [cart-service] [http-nio-8083-exec-9] c.s.cartservice.aop.LoggingAspect        : Exit: com.supermarket.cartservice.service.CartServiceImpl.getMyCart() with result = [com.supermarket.cartservice.model.Cart@63fdc384]
2025-08-14T14:25:00.550+05:30  INFO 837 --- [cart-service] [http-nio-8083-exec-9] c.s.cartservice.aop.LoggingAspect        : Execution time: com.supermarket.cartservice.service.CartServiceImpl.getMyCart() executed in 10 ms
2025-08-14T14:25:00.551+05:30  INFO 837 --- [cart-service] [http-nio-8083-exec-9] c.s.cartservice.aop.LoggingAspect        : Exit: com.supermarket.cartservice.controller.CartController.getMyCart() with result = [com.supermarket.cartservice.model.Cart@63fdc384]
