2025-08-14T13:48:45.987+05:30 ERROR 764 --- [billing-service] [restartedMain] o.h.engine.jdbc.spi.SqlExceptionHelper   : Communications link failure

The last packet sent successfully to the server was 0 milliseconds ago. The driver has not received any packets from the server.
2025-08-14T13:48:45.996+05:30 ERROR 764 --- [billing-service] [restartedMain] j.LocalContainerEntityManagerFactoryBean : Failed to initialize JPA EntityManagerFactory: Unable to create requested service [org.hibernate.engine.jdbc.env.spi.JdbcEnvironment] due to: Unable to determine Dialect without JDBC metadata (please set 'jakarta.persistence.jdbc.url' for common cases or 'hibernate.dialect' when a custom Dialect implementation must be provided)
2025-08-14T13:48:46.083+05:30 ERROR 764 --- [billing-service] [restartedMain] o.s.boot.SpringApplication               : Application run failed

org.springframework.beans.factory.BeanCreationException: Error creating bean with name 'entityManagerFactory' defined in class path resource [org/springframework/boot/autoconfigure/orm/jpa/HibernateJpaConfiguration.class]: Unable to create requested service [org.hibernate.engine.jdbc.env.spi.JdbcEnvironment] due to: Unable to determine Dialect without JDBC metadata (please set 'jakarta.persistence.jdbc.url' for common cases or 'hibernate.dialect' when a custom Dialect implementation must be provided)
	at org.springframework.beans.factory.support.AbstractAutowireCapableBeanFactory.initializeBean(AbstractAutowireCapableBeanFactory.java:1812) ~[spring-beans-6.2.5.jar:6.2.5]
	at org.springframework.beans.factory.support.AbstractAutowireCapableBeanFactory.doCreateBean(AbstractAutowireCapableBeanFactory.java:601) ~[spring-beans-6.2.5.jar:6.2.5]
	at org.springframework.beans.factory.support.AbstractAutowireCapableBeanFactory.createBean(AbstractAutowireCapableBeanFactory.java:523) ~[spring-beans-6.2.5.jar:6.2.5]
	at org.springframework.beans.factory.support.AbstractBeanFactory.lambda$doGetBean$0(AbstractBeanFactory.java:339) ~[spring-beans-6.2.5.jar:6.2.5]
	at org.springframework.beans.factory.support.DefaultSingletonBeanRegistry.getSingleton(DefaultSingletonBeanRegistry.java:347) ~[spring-beans-6.2.5.jar:6.2.5]
	at org.springframework.beans.factory.support.AbstractBeanFactory.doGetBean(AbstractBeanFactory.java:337) ~[spring-beans-6.2.5.jar:6.2.5]
	at org.springframework.beans.factory.support.AbstractBeanFactory.getBean(AbstractBeanFactory.java:207) ~[spring-beans-6.2.5.jar:6.2.5]
	at org.springframework.context.support.AbstractApplicationContext.finishBeanFactoryInitialization(AbstractApplicationContext.java:970) ~[spring-context-6.2.5.jar:6.2.5]
	at org.springframework.context.support.AbstractApplicationContext.refresh(AbstractApplicationContext.java:627) ~[spring-context-6.2.5.jar:6.2.5]
	at org.springframework.boot.web.servlet.context.ServletWebServerApplicationContext.refresh(ServletWebServerApplicationContext.java:146) ~[spring-boot-3.4.4.jar:3.4.4]
	at org.springframework.boot.SpringApplication.refresh(SpringApplication.java:752) ~[spring-boot-3.4.4.jar:3.4.4]
	at org.springframework.boot.SpringApplication.refreshContext(SpringApplication.java:439) ~[spring-boot-3.4.4.jar:3.4.4]
	at org.springframework.boot.SpringApplication.run(SpringApplication.java:318) ~[spring-boot-3.4.4.jar:3.4.4]
	at org.springframework.boot.SpringApplication.run(SpringApplication.java:1361) ~[spring-boot-3.4.4.jar:3.4.4]
	at org.springframework.boot.SpringApplication.run(SpringApplication.java:1350) ~[spring-boot-3.4.4.jar:3.4.4]
	at com.supermarket.billingservice.BillingServiceApplication.main(BillingServiceApplication.java:14) ~[classes/:na]
	at java.base/jdk.internal.reflect.DirectMethodHandleAccessor.invoke(DirectMethodHandleAccessor.java:103) ~[na:na]
	at java.base/java.lang.reflect.Method.invoke(Method.java:580) ~[na:na]
	at org.springframework.boot.devtools.restart.RestartLauncher.run(RestartLauncher.java:50) ~[spring-boot-devtools-3.4.4.jar:3.4.4]
Caused by: org.hibernate.service.spi.ServiceException: Unable to create requested service [org.hibernate.engine.jdbc.env.spi.JdbcEnvironment] due to: Unable to determine Dialect without JDBC metadata (please set 'jakarta.persistence.jdbc.url' for common cases or 'hibernate.dialect' when a custom Dialect implementation must be provided)
	at org.hibernate.service.internal.AbstractServiceRegistryImpl.createService(AbstractServiceRegistryImpl.java:276) ~[hibernate-core-6.6.11.Final.jar:6.6.11.Final]
	at org.hibernate.service.internal.AbstractServiceRegistryImpl.initializeService(AbstractServiceRegistryImpl.java:238) ~[hibernate-core-6.6.11.Final.jar:6.6.11.Final]
	at org.hibernate.service.internal.AbstractServiceRegistryImpl.getService(AbstractServiceRegistryImpl.java:215) ~[hibernate-core-6.6.11.Final.jar:6.6.11.Final]
	at org.hibernate.boot.model.relational.Database.<init>(Database.java:45) ~[hibernate-core-6.6.11.Final.jar:6.6.11.Final]
	at org.hibernate.boot.internal.InFlightMetadataCollectorImpl.getDatabase(InFlightMetadataCollectorImpl.java:226) ~[hibernate-core-6.6.11.Final.jar:6.6.11.Final]
	at org.hibernate.boot.internal.InFlightMetadataCollectorImpl.<init>(InFlightMetadataCollectorImpl.java:194) ~[hibernate-core-6.6.11.Final.jar:6.6.11.Final]
	at org.hibernate.boot.model.process.spi.MetadataBuildingProcess.complete(MetadataBuildingProcess.java:171) ~[hibernate-core-6.6.11.Final.jar:6.6.11.Final]
	at org.hibernate.jpa.boot.internal.EntityManagerFactoryBuilderImpl.metadata(EntityManagerFactoryBuilderImpl.java:1442) ~[hibernate-core-6.6.11.Final.jar:6.6.11.Final]
	at org.hibernate.jpa.boot.internal.EntityManagerFactoryBuilderImpl.build(EntityManagerFactoryBuilderImpl.java:1513) ~[hibernate-core-6.6.11.Final.jar:6.6.11.Final]
	at org.springframework.orm.jpa.vendor.SpringHibernateJpaPersistenceProvider.createContainerEntityManagerFactory(SpringHibernateJpaPersistenceProvider.java:66) ~[spring-orm-6.2.5.jar:6.2.5]
	at org.springframework.orm.jpa.LocalContainerEntityManagerFactoryBean.createNativeEntityManagerFactory(LocalContainerEntityManagerFactoryBean.java:390) ~[spring-orm-6.2.5.jar:6.2.5]
	at org.springframework.orm.jpa.AbstractEntityManagerFactoryBean.buildNativeEntityManagerFactory(AbstractEntityManagerFactoryBean.java:419) ~[spring-orm-6.2.5.jar:6.2.5]
	at org.springframework.orm.jpa.AbstractEntityManagerFactoryBean.afterPropertiesSet(AbstractEntityManagerFactoryBean.java:400) ~[spring-orm-6.2.5.jar:6.2.5]
	at org.springframework.orm.jpa.LocalContainerEntityManagerFactoryBean.afterPropertiesSet(LocalContainerEntityManagerFactoryBean.java:366) ~[spring-orm-6.2.5.jar:6.2.5]
	at org.springframework.beans.factory.support.AbstractAutowireCapableBeanFactory.invokeInitMethods(AbstractAutowireCapableBeanFactory.java:1859) ~[spring-beans-6.2.5.jar:6.2.5]
	at org.springframework.beans.factory.support.AbstractAutowireCapableBeanFactory.initializeBean(AbstractAutowireCapableBeanFactory.java:1808) ~[spring-beans-6.2.5.jar:6.2.5]
	... 18 common frames omitted
Caused by: org.hibernate.HibernateException: Unable to determine Dialect without JDBC metadata (please set 'jakarta.persistence.jdbc.url' for common cases or 'hibernate.dialect' when a custom Dialect implementation must be provided)
	at org.hibernate.engine.jdbc.dialect.internal.DialectFactoryImpl.determineDialect(DialectFactoryImpl.java:191) ~[hibernate-core-6.6.11.Final.jar:6.6.11.Final]
	at org.hibernate.engine.jdbc.dialect.internal.DialectFactoryImpl.buildDialect(DialectFactoryImpl.java:87) ~[hibernate-core-6.6.11.Final.jar:6.6.11.Final]
	at org.hibernate.engine.jdbc.env.internal.JdbcEnvironmentInitiator.getJdbcEnvironmentWithDefaults(JdbcEnvironmentInitiator.java:181) ~[hibernate-core-6.6.11.Final.jar:6.6.11.Final]
	at org.hibernate.engine.jdbc.env.internal.JdbcEnvironmentInitiator.getJdbcEnvironmentUsingJdbcMetadata(JdbcEnvironmentInitiator.java:392) ~[hibernate-core-6.6.11.Final.jar:6.6.11.Final]
	at org.hibernate.engine.jdbc.env.internal.JdbcEnvironmentInitiator.initiateService(JdbcEnvironmentInitiator.java:129) ~[hibernate-core-6.6.11.Final.jar:6.6.11.Final]
	at org.hibernate.engine.jdbc.env.internal.JdbcEnvironmentInitiator.initiateService(JdbcEnvironmentInitiator.java:81) ~[hibernate-core-6.6.11.Final.jar:6.6.11.Final]
	at org.hibernate.boot.registry.internal.StandardServiceRegistryImpl.initiateService(StandardServiceRegistryImpl.java:130) ~[hibernate-core-6.6.11.Final.jar:6.6.11.Final]
	at org.hibernate.service.internal.AbstractServiceRegistryImpl.createService(AbstractServiceRegistryImpl.java:263) ~[hibernate-core-6.6.11.Final.jar:6.6.11.Final]
	... 33 common frames omitted

2025-08-14T14:22:43.526+05:30  INFO 838 --- [billing-service] [http-nio-8084-exec-1] c.s.billingservice.aop.LoggingAspect     : Enter: com.supermarket.billingservice.controller.OrderController.placeOrder() with argument[s] = [[3]]
2025-08-14T14:22:43.669+05:30  INFO 838 --- [billing-service] [http-nio-8084-exec-1] c.s.billingservice.aop.LoggingAspect     : Enter: com.supermarket.billingservice.service.OrderServiceImpl.placeOrder() with argument[s] = [[3]]
2025-08-14T14:22:43.982+05:30  INFO 838 --- [billing-service] [http-nio-8084-exec-1] c.s.billingservice.aop.LoggingAspect     : Exit: com.supermarket.billingservice.service.OrderServiceImpl.placeOrder() with result = [com.supermarket.billingservice.model.Order@2cf77326]
2025-08-14T14:22:43.982+05:30  INFO 838 --- [billing-service] [http-nio-8084-exec-1] c.s.billingservice.aop.LoggingAspect     : Execution time: com.supermarket.billingservice.service.OrderServiceImpl.placeOrder() executed in 313 ms
2025-08-14T14:22:44.020+05:30  INFO 838 --- [billing-service] [http-nio-8084-exec-1] c.s.billingservice.aop.LoggingAspect     : Exit: com.supermarket.billingservice.controller.OrderController.placeOrder() with result = [com.supermarket.billingservice.model.Order@2cf77326]
2025-08-14T14:22:44.232+05:30  INFO 838 --- [billing-service] [http-nio-8084-exec-2] c.s.billingservice.aop.LoggingAspect     : Enter: com.supermarket.billingservice.controller.OrderController.getOrderByOrderId() with argument[s] = [[1]]
2025-08-14T14:22:44.235+05:30  INFO 838 --- [billing-service] [http-nio-8084-exec-2] c.s.billingservice.aop.LoggingAspect     : Enter: com.supermarket.billingservice.service.OrderServiceImpl.getOrderByOrderId() with argument[s] = [[1]]
2025-08-14T14:22:44.327+05:30  INFO 838 --- [billing-service] [http-nio-8084-exec-2] c.s.billingservice.aop.LoggingAspect     : Exit: com.supermarket.billingservice.service.OrderServiceImpl.getOrderByOrderId() with result = [com.supermarket.billingservice.model.Order@49c35b10]
2025-08-14T14:22:44.328+05:30  INFO 838 --- [billing-service] [http-nio-8084-exec-2] c.s.billingservice.aop.LoggingAspect     : Execution time: com.supermarket.billingservice.service.OrderServiceImpl.getOrderByOrderId() executed in 93 ms
2025-08-14T14:22:44.329+05:30  INFO 838 --- [billing-service] [http-nio-8084-exec-2] c.s.billingservice.aop.LoggingAspect     : Exit: com.supermarket.billingservice.controller.OrderController.getOrderByOrderId() with result = [com.supermarket.billingservice.model.Order@49c35b10]
2025-08-14T14:22:44.368+05:30  INFO 838 --- [billing-service] [http-nio-8084-exec-2] c.s.billingservice.aop.LoggingAspect     : Enter: com.supermarket.billingservice.controller.OrderController.getOrderByOrderId() with argument[s] = [[1]]
2025-08-14T14:22:44.369+05:30  INFO 838 --- [billing-service] [http-nio-8084-exec-2] c.s.billingservice.aop.LoggingAspect     : Enter: com.supermarket.billingservice.service.OrderServiceImpl.getOrderByOrderId() with argument[s] = [[1]]
2025-08-14T14:22:44.395+05:30  INFO 838 --- [billing-service] [http-nio-8084-exec-2] c.s.billingservice.aop.LoggingAspect     : Exit: com.supermarket.billingservice.service.OrderServiceImpl.getOrderByOrderId() with result = [com.supermarket.billingservice.model.Order@1c179442]
2025-08-14T14:22:44.396+05:30  INFO 838 --- [billing-service] [http-nio-8084-exec-2] c.s.billingservice.aop.LoggingAspect     : Execution time: com.supermarket.billingservice.service.OrderServiceImpl.getOrderByOrderId() executed in 27 ms
2025-08-14T14:22:44.397+05:30  INFO 838 --- [billing-service] [http-nio-8084-exec-2] c.s.billingservice.aop.LoggingAspect     : Exit: com.supermarket.billingservice.controller.OrderController.getOrderByOrderId() with result = [com.supermarket.billingservice.model.Order@1c179442]
2025-08-14T14:22:56.353+05:30  INFO 838 --- [billing-service] [http-nio-8084-exec-3] c.s.billingservice.aop.LoggingAspect     : Enter: com.supermarket.billingservice.controller.OrderController.getOrderByOrderId() with argument[s] = [[1]]
2025-08-14T14:22:56.356+05:30  INFO 838 --- [billing-service] [http-nio-8084-exec-3] c.s.billingservice.aop.LoggingAspect     : Enter: com.supermarket.billingservice.service.OrderServiceImpl.getOrderByOrderId() with argument[s] = [[1]]
2025-08-14T14:22:56.364+05:30  INFO 838 --- [billing-service] [http-nio-8084-exec-3] c.s.billingservice.aop.LoggingAspect     : Exit: com.supermarket.billingservice.service.OrderServiceImpl.getOrderByOrderId() with result = [com.supermarket.billingservice.model.Order@3d3df226]
2025-08-14T14:22:56.364+05:30  INFO 838 --- [billing-service] [http-nio-8084-exec-3] c.s.billingservice.aop.LoggingAspect     : Execution time: com.supermarket.billingservice.service.OrderServiceImpl.getOrderByOrderId() executed in 8 ms
2025-08-14T14:22:56.365+05:30  INFO 838 --- [billing-service] [http-nio-8084-exec-3] c.s.billingservice.aop.LoggingAspect     : Exit: com.supermarket.billingservice.controller.OrderController.getOrderByOrderId() with result = [com.supermarket.billingservice.model.Order@3d3df226]
2025-08-14T14:22:57.051+05:30  INFO 838 --- [billing-service] [http-nio-8084-exec-4] c.s.billingservice.aop.LoggingAspect     : Enter: com.supermarket.billingservice.controller.OrderController.getOrderByOrderId() with argument[s] = [[1]]
2025-08-14T14:22:57.052+05:30  INFO 838 --- [billing-service] [http-nio-8084-exec-4] c.s.billingservice.aop.LoggingAspect     : Enter: com.supermarket.billingservice.service.OrderServiceImpl.getOrderByOrderId() with argument[s] = [[1]]
2025-08-14T14:22:57.062+05:30  INFO 838 --- [billing-service] [http-nio-8084-exec-4] c.s.billingservice.aop.LoggingAspect     : Exit: com.supermarket.billingservice.service.OrderServiceImpl.getOrderByOrderId() with result = [com.supermarket.billingservice.model.Order@6c737cdc]
2025-08-14T14:22:57.063+05:30  INFO 838 --- [billing-service] [http-nio-8084-exec-4] c.s.billingservice.aop.LoggingAspect     : Execution time: com.supermarket.billingservice.service.OrderServiceImpl.getOrderByOrderId() executed in 11 ms
2025-08-14T14:22:57.065+05:30  INFO 838 --- [billing-service] [http-nio-8084-exec-4] c.s.billingservice.aop.LoggingAspect     : Exit: com.supermarket.billingservice.controller.OrderController.getOrderByOrderId() with result = [com.supermarket.billingservice.model.Order@6c737cdc]
2025-08-14T14:22:57.101+05:30  INFO 838 --- [billing-service] [http-nio-8084-exec-5] c.s.billingservice.aop.LoggingAspect     : Enter: com.supermarket.billingservice.controller.OrderController.getOrderByOrderId() with argument[s] = [[1]]
2025-08-14T14:22:57.103+05:30  INFO 838 --- [billing-service] [http-nio-8084-exec-5] c.s.billingservice.aop.LoggingAspect     : Enter: com.supermarket.billingservice.service.OrderServiceImpl.getOrderByOrderId() with argument[s] = [[1]]
2025-08-14T14:22:57.118+05:30  INFO 838 --- [billing-service] [http-nio-8084-exec-5] c.s.billingservice.aop.LoggingAspect     : Exit: com.supermarket.billingservice.service.OrderServiceImpl.getOrderByOrderId() with result = [com.supermarket.billingservice.model.Order@2d1a4a5a]
2025-08-14T14:22:57.119+05:30  INFO 838 --- [billing-service] [http-nio-8084-exec-5] c.s.billingservice.aop.LoggingAspect     : Execution time: com.supermarket.billingservice.service.OrderServiceImpl.getOrderByOrderId() executed in 17 ms
2025-08-14T14:22:57.120+05:30  INFO 838 --- [billing-service] [http-nio-8084-exec-5] c.s.billingservice.aop.LoggingAspect     : Exit: com.supermarket.billingservice.controller.OrderController.getOrderByOrderId() with result = [com.supermarket.billingservice.model.Order@2d1a4a5a]
2025-08-14T14:24:03.625+05:30  INFO 838 --- [billing-service] [http-nio-8084-exec-8] c.s.billingservice.aop.LoggingAspect     : Enter: com.supermarket.billingservice.controller.OrderController.getMyOrders() with argument[s] = [[3]]
2025-08-14T14:24:03.627+05:30  INFO 838 --- [billing-service] [http-nio-8084-exec-8] c.s.billingservice.aop.LoggingAspect     : Enter: com.supermarket.billingservice.service.OrderServiceImpl.getOrdersByUserId() with argument[s] = [[3]]
2025-08-14T14:24:03.873+05:30  INFO 838 --- [billing-service] [http-nio-8084-exec-8] c.s.billingservice.aop.LoggingAspect     : Exit: com.supermarket.billingservice.service.OrderServiceImpl.getOrdersByUserId() with result = [[com.supermarket.billingservice.model.Order@66afca27]]
2025-08-14T14:24:03.874+05:30  INFO 838 --- [billing-service] [http-nio-8084-exec-8] c.s.billingservice.aop.LoggingAspect     : Execution time: com.supermarket.billingservice.service.OrderServiceImpl.getOrdersByUserId() executed in 247 ms
2025-08-14T14:24:03.874+05:30  INFO 838 --- [billing-service] [http-nio-8084-exec-8] c.s.billingservice.aop.LoggingAspect     : Exit: com.supermarket.billingservice.controller.OrderController.getMyOrders() with result = [[com.supermarket.billingservice.model.Order@66afca27]]
2025-08-14T14:24:03.916+05:30  INFO 838 --- [billing-service] [http-nio-8084-exec-9] c.s.billingservice.aop.LoggingAspect     : Enter: com.supermarket.billingservice.controller.OrderController.getMyOrders() with argument[s] = [[3]]
2025-08-14T14:24:03.917+05:30  INFO 838 --- [billing-service] [http-nio-8084-exec-9] c.s.billingservice.aop.LoggingAspect     : Enter: com.supermarket.billingservice.service.OrderServiceImpl.getOrdersByUserId() with argument[s] = [[3]]
2025-08-14T14:24:03.926+05:30  INFO 838 --- [billing-service] [http-nio-8084-exec-9] c.s.billingservice.aop.LoggingAspect     : Exit: com.supermarket.billingservice.service.OrderServiceImpl.getOrdersByUserId() with result = [[com.supermarket.billingservice.model.Order@121a3893]]
2025-08-14T14:24:03.927+05:30  INFO 838 --- [billing-service] [http-nio-8084-exec-9] c.s.billingservice.aop.LoggingAspect     : Execution time: com.supermarket.billingservice.service.OrderServiceImpl.getOrdersByUserId() executed in 10 ms
2025-08-14T14:24:03.927+05:30  INFO 838 --- [billing-service] [http-nio-8084-exec-9] c.s.billingservice.aop.LoggingAspect     : Exit: com.supermarket.billingservice.controller.OrderController.getMyOrders() with result = [[com.supermarket.billingservice.model.Order@121a3893]]
2025-08-14T14:24:05.974+05:30  INFO 838 --- [billing-service] [http-nio-8084-exec-10] c.s.billingservice.aop.LoggingAspect     : Enter: com.supermarket.billingservice.controller.OrderController.getMyOrderById() with argument[s] = [[3, 1]]
2025-08-14T14:24:05.975+05:30  INFO 838 --- [billing-service] [http-nio-8084-exec-10] c.s.billingservice.aop.LoggingAspect     : Enter: com.supermarket.billingservice.service.OrderServiceImpl.getOrderByUserIdAndOrderId() with argument[s] = [[3, 1]]
2025-08-14T14:24:06.001+05:30  INFO 838 --- [billing-service] [http-nio-8084-exec-10] c.s.billingservice.aop.LoggingAspect     : Exit: com.supermarket.billingservice.service.OrderServiceImpl.getOrderByUserIdAndOrderId() with result = [com.supermarket.billingservice.model.Order@4f97c4ea]
2025-08-14T14:24:06.002+05:30  INFO 838 --- [billing-service] [http-nio-8084-exec-10] c.s.billingservice.aop.LoggingAspect     : Execution time: com.supermarket.billingservice.service.OrderServiceImpl.getOrderByUserIdAndOrderId() executed in 27 ms
2025-08-14T14:24:06.003+05:30  INFO 838 --- [billing-service] [http-nio-8084-exec-10] c.s.billingservice.aop.LoggingAspect     : Exit: com.supermarket.billingservice.controller.OrderController.getMyOrderById() with result = [com.supermarket.billingservice.model.Order@4f97c4ea]
2025-08-14T14:24:06.029+05:30  INFO 838 --- [billing-service] [http-nio-8084-exec-1] c.s.billingservice.aop.LoggingAspect     : Enter: com.supermarket.billingservice.controller.OrderController.getMyOrderById() with argument[s] = [[3, 1]]
2025-08-14T14:24:06.033+05:30  INFO 838 --- [billing-service] [http-nio-8084-exec-1] c.s.billingservice.aop.LoggingAspect     : Enter: com.supermarket.billingservice.service.OrderServiceImpl.getOrderByUserIdAndOrderId() with argument[s] = [[3, 1]]
2025-08-14T14:24:06.057+05:30  INFO 838 --- [billing-service] [http-nio-8084-exec-1] c.s.billingservice.aop.LoggingAspect     : Exit: com.supermarket.billingservice.service.OrderServiceImpl.getOrderByUserIdAndOrderId() with result = [com.supermarket.billingservice.model.Order@6dddc76]
2025-08-14T14:24:06.057+05:30  INFO 838 --- [billing-service] [http-nio-8084-exec-1] c.s.billingservice.aop.LoggingAspect     : Execution time: com.supermarket.billingservice.service.OrderServiceImpl.getOrderByUserIdAndOrderId() executed in 24 ms
2025-08-14T14:24:06.058+05:30  INFO 838 --- [billing-service] [http-nio-8084-exec-1] c.s.billingservice.aop.LoggingAspect     : Exit: com.supermarket.billingservice.controller.OrderController.getMyOrderById() with result = [com.supermarket.billingservice.model.Order@6dddc76]
2025-08-14T14:24:11.340+05:30  INFO 838 --- [billing-service] [http-nio-8084-exec-2] c.s.billingservice.aop.LoggingAspect     : Enter: com.supermarket.billingservice.controller.OrderController.getMyOrders() with argument[s] = [[3]]
2025-08-14T14:24:11.346+05:30  INFO 838 --- [billing-service] [http-nio-8084-exec-2] c.s.billingservice.aop.LoggingAspect     : Enter: com.supermarket.billingservice.service.OrderServiceImpl.getOrdersByUserId() with argument[s] = [[3]]
2025-08-14T14:24:11.359+05:30  INFO 838 --- [billing-service] [http-nio-8084-exec-2] c.s.billingservice.aop.LoggingAspect     : Exit: com.supermarket.billingservice.service.OrderServiceImpl.getOrdersByUserId() with result = [[com.supermarket.billingservice.model.Order@185e3b71]]
2025-08-14T14:24:11.360+05:30  INFO 838 --- [billing-service] [http-nio-8084-exec-2] c.s.billingservice.aop.LoggingAspect     : Execution time: com.supermarket.billingservice.service.OrderServiceImpl.getOrdersByUserId() executed in 15 ms
2025-08-14T14:24:11.360+05:30  INFO 838 --- [billing-service] [http-nio-8084-exec-2] c.s.billingservice.aop.LoggingAspect     : Exit: com.supermarket.billingservice.controller.OrderController.getMyOrders() with result = [[com.supermarket.billingservice.model.Order@185e3b71]]
2025-08-14T14:24:11.405+05:30  INFO 838 --- [billing-service] [http-nio-8084-exec-3] c.s.billingservice.aop.LoggingAspect     : Enter: com.supermarket.billingservice.controller.OrderController.getMyOrders() with argument[s] = [[3]]
2025-08-14T14:24:11.406+05:30  INFO 838 --- [billing-service] [http-nio-8084-exec-3] c.s.billingservice.aop.LoggingAspect     : Enter: com.supermarket.billingservice.service.OrderServiceImpl.getOrdersByUserId() with argument[s] = [[3]]
2025-08-14T14:24:11.414+05:30  INFO 838 --- [billing-service] [http-nio-8084-exec-3] c.s.billingservice.aop.LoggingAspect     : Exit: com.supermarket.billingservice.service.OrderServiceImpl.getOrdersByUserId() with result = [[com.supermarket.billingservice.model.Order@53dab8ae]]
2025-08-14T14:24:11.414+05:30  INFO 838 --- [billing-service] [http-nio-8084-exec-3] c.s.billingservice.aop.LoggingAspect     : Execution time: com.supermarket.billingservice.service.OrderServiceImpl.getOrdersByUserId() executed in 8 ms
2025-08-14T14:24:11.415+05:30  INFO 838 --- [billing-service] [http-nio-8084-exec-3] c.s.billingservice.aop.LoggingAspect     : Exit: com.supermarket.billingservice.controller.OrderController.getMyOrders() with result = [[com.supermarket.billingservice.model.Order@53dab8ae]]
2025-08-14T14:24:40.897+05:30  INFO 838 --- [billing-service] [http-nio-8084-exec-4] c.s.billingservice.aop.LoggingAspect     : Enter: com.supermarket.billingservice.controller.OrderController.placeMyOrder() with argument[s] = [[3]]
2025-08-14T14:24:40.900+05:30  INFO 838 --- [billing-service] [http-nio-8084-exec-4] c.s.billingservice.aop.LoggingAspect     : Enter: com.supermarket.billingservice.service.OrderServiceImpl.placeOrder() with argument[s] = [[3]]
2025-08-14T14:24:40.945+05:30  INFO 838 --- [billing-service] [http-nio-8084-exec-4] c.s.billingservice.aop.LoggingAspect     : Exit: com.supermarket.billingservice.service.OrderServiceImpl.placeOrder() with result = [com.supermarket.billingservice.model.Order@384d4ffd]
2025-08-14T14:24:40.947+05:30  INFO 838 --- [billing-service] [http-nio-8084-exec-4] c.s.billingservice.aop.LoggingAspect     : Execution time: com.supermarket.billingservice.service.OrderServiceImpl.placeOrder() executed in 47 ms
2025-08-14T14:24:40.951+05:30  INFO 838 --- [billing-service] [http-nio-8084-exec-4] c.s.billingservice.aop.LoggingAspect     : Exit: com.supermarket.billingservice.controller.OrderController.placeMyOrder() with result = [com.supermarket.billingservice.model.Order@384d4ffd]
2025-08-14T14:24:41.232+05:30  INFO 838 --- [billing-service] [http-nio-8084-exec-5] c.s.billingservice.aop.LoggingAspect     : Enter: com.supermarket.billingservice.controller.OrderController.getMyOrderById() with argument[s] = [[3, 2]]
2025-08-14T14:24:41.233+05:30  INFO 838 --- [billing-service] [http-nio-8084-exec-5] c.s.billingservice.aop.LoggingAspect     : Enter: com.supermarket.billingservice.service.OrderServiceImpl.getOrderByUserIdAndOrderId() with argument[s] = [[3, 2]]
2025-08-14T14:24:41.242+05:30  INFO 838 --- [billing-service] [http-nio-8084-exec-5] c.s.billingservice.aop.LoggingAspect     : Exit: com.supermarket.billingservice.service.OrderServiceImpl.getOrderByUserIdAndOrderId() with result = [com.supermarket.billingservice.model.Order@51af5d62]
2025-08-14T14:24:41.242+05:30  INFO 838 --- [billing-service] [http-nio-8084-exec-5] c.s.billingservice.aop.LoggingAspect     : Execution time: com.supermarket.billingservice.service.OrderServiceImpl.getOrderByUserIdAndOrderId() executed in 9 ms
2025-08-14T14:24:41.243+05:30  INFO 838 --- [billing-service] [http-nio-8084-exec-5] c.s.billingservice.aop.LoggingAspect     : Exit: com.supermarket.billingservice.controller.OrderController.getMyOrderById() with result = [com.supermarket.billingservice.model.Order@51af5d62]
2025-08-14T14:24:41.261+05:30  INFO 838 --- [billing-service] [http-nio-8084-exec-6] c.s.billingservice.aop.LoggingAspect     : Enter: com.supermarket.billingservice.controller.OrderController.getMyOrderById() with argument[s] = [[3, 2]]
2025-08-14T14:24:41.262+05:30  INFO 838 --- [billing-service] [http-nio-8084-exec-6] c.s.billingservice.aop.LoggingAspect     : Enter: com.supermarket.billingservice.service.OrderServiceImpl.getOrderByUserIdAndOrderId() with argument[s] = [[3, 2]]
2025-08-14T14:24:41.272+05:30  INFO 838 --- [billing-service] [http-nio-8084-exec-6] c.s.billingservice.aop.LoggingAspect     : Exit: com.supermarket.billingservice.service.OrderServiceImpl.getOrderByUserIdAndOrderId() with result = [com.supermarket.billingservice.model.Order@3db56fc2]
2025-08-14T14:24:41.273+05:30  INFO 838 --- [billing-service] [http-nio-8084-exec-6] c.s.billingservice.aop.LoggingAspect     : Execution time: com.supermarket.billingservice.service.OrderServiceImpl.getOrderByUserIdAndOrderId() executed in 11 ms
2025-08-14T14:24:41.274+05:30  INFO 838 --- [billing-service] [http-nio-8084-exec-6] c.s.billingservice.aop.LoggingAspect     : Exit: com.supermarket.billingservice.controller.OrderController.getMyOrderById() with result = [com.supermarket.billingservice.model.Order@3db56fc2]
2025-08-14T14:25:00.291+05:30  INFO 838 --- [billing-service] [http-nio-8084-exec-7] c.s.billingservice.aop.LoggingAspect     : Enter: com.supermarket.billingservice.controller.OrderController.getOrderByOrderId() with argument[s] = [[2]]
2025-08-14T14:25:00.292+05:30  INFO 838 --- [billing-service] [http-nio-8084-exec-7] c.s.billingservice.aop.LoggingAspect     : Enter: com.supermarket.billingservice.service.OrderServiceImpl.getOrderByOrderId() with argument[s] = [[2]]
2025-08-14T14:25:00.302+05:30  INFO 838 --- [billing-service] [http-nio-8084-exec-7] c.s.billingservice.aop.LoggingAspect     : Exit: com.supermarket.billingservice.service.OrderServiceImpl.getOrderByOrderId() with result = [com.supermarket.billingservice.model.Order@16deedaf]
2025-08-14T14:25:00.302+05:30  INFO 838 --- [billing-service] [http-nio-8084-exec-7] c.s.billingservice.aop.LoggingAspect     : Execution time: com.supermarket.billingservice.service.OrderServiceImpl.getOrderByOrderId() executed in 10 ms
2025-08-14T14:25:00.302+05:30  INFO 838 --- [billing-service] [http-nio-8084-exec-7] c.s.billingservice.aop.LoggingAspect     : Exit: com.supermarket.billingservice.controller.OrderController.getOrderByOrderId() with result = [com.supermarket.billingservice.model.Order@16deedaf]
2025-08-14T14:25:00.540+05:30  INFO 838 --- [billing-service] [http-nio-8084-exec-8] c.s.billingservice.aop.LoggingAspect     : Enter: com.supermarket.billingservice.controller.OrderController.getMyOrderById() with argument[s] = [[3, 2]]
2025-08-14T14:25:00.541+05:30  INFO 838 --- [billing-service] [http-nio-8084-exec-8] c.s.billingservice.aop.LoggingAspect     : Enter: com.supermarket.billingservice.service.OrderServiceImpl.getOrderByUserIdAndOrderId() with argument[s] = [[3, 2]]
2025-08-14T14:25:00.557+05:30  INFO 838 --- [billing-service] [http-nio-8084-exec-8] c.s.billingservice.aop.LoggingAspect     : Exit: com.supermarket.billingservice.service.OrderServiceImpl.getOrderByUserIdAndOrderId() with result = [com.supermarket.billingservice.model.Order@6e159081]
2025-08-14T14:25:00.559+05:30  INFO 838 --- [billing-service] [http-nio-8084-exec-8] c.s.billingservice.aop.LoggingAspect     : Execution time: com.supermarket.billingservice.service.OrderServiceImpl.getOrderByUserIdAndOrderId() executed in 18 ms
2025-08-14T14:25:00.560+05:30  INFO 838 --- [billing-service] [http-nio-8084-exec-8] c.s.billingservice.aop.LoggingAspect     : Exit: com.supermarket.billingservice.controller.OrderController.getMyOrderById() with result = [com.supermarket.billingservice.model.Order@6e159081]
2025-08-14T14:25:00.576+05:30  INFO 838 --- [billing-service] [http-nio-8084-exec-9] c.s.billingservice.aop.LoggingAspect     : Enter: com.supermarket.billingservice.controller.OrderController.getMyOrderById() with argument[s] = [[3, 2]]
2025-08-14T14:25:00.577+05:30  INFO 838 --- [billing-service] [http-nio-8084-exec-9] c.s.billingservice.aop.LoggingAspect     : Enter: com.supermarket.billingservice.service.OrderServiceImpl.getOrderByUserIdAndOrderId() with argument[s] = [[3, 2]]
2025-08-14T14:25:00.588+05:30  INFO 838 --- [billing-service] [http-nio-8084-exec-9] c.s.billingservice.aop.LoggingAspect     : Exit: com.supermarket.billingservice.service.OrderServiceImpl.getOrderByUserIdAndOrderId() with result = [com.supermarket.billingservice.model.Order@4c285cdf]
2025-08-14T14:25:00.589+05:30  INFO 838 --- [billing-service] [http-nio-8084-exec-9] c.s.billingservice.aop.LoggingAspect     : Execution time: com.supermarket.billingservice.service.OrderServiceImpl.getOrderByUserIdAndOrderId() executed in 11 ms
2025-08-14T14:25:00.589+05:30  INFO 838 --- [billing-service] [http-nio-8084-exec-9] c.s.billingservice.aop.LoggingAspect     : Exit: com.supermarket.billingservice.controller.OrderController.getMyOrderById() with result = [com.supermarket.billingservice.model.Order@4c285cdf]
2025-08-14T14:25:14.068+05:30  INFO 838 --- [billing-service] [http-nio-8084-exec-10] c.s.billingservice.aop.LoggingAspect     : Enter: com.supermarket.billingservice.controller.OrderController.getMyOrders() with argument[s] = [[3]]
2025-08-14T14:25:14.069+05:30  INFO 838 --- [billing-service] [http-nio-8084-exec-10] c.s.billingservice.aop.LoggingAspect     : Enter: com.supermarket.billingservice.service.OrderServiceImpl.getOrdersByUserId() with argument[s] = [[3]]
2025-08-14T14:25:14.093+05:30  INFO 838 --- [billing-service] [http-nio-8084-exec-10] c.s.billingservice.aop.LoggingAspect     : Exit: com.supermarket.billingservice.service.OrderServiceImpl.getOrdersByUserId() with result = [[com.supermarket.billingservice.model.Order@49e626d5, com.supermarket.billingservice.model.Order@72d3a612]]
2025-08-14T14:25:14.094+05:30  INFO 838 --- [billing-service] [http-nio-8084-exec-10] c.s.billingservice.aop.LoggingAspect     : Execution time: com.supermarket.billingservice.service.OrderServiceImpl.getOrdersByUserId() executed in 25 ms
2025-08-14T14:25:14.094+05:30  INFO 838 --- [billing-service] [http-nio-8084-exec-10] c.s.billingservice.aop.LoggingAspect     : Exit: com.supermarket.billingservice.controller.OrderController.getMyOrders() with result = [[com.supermarket.billingservice.model.Order@49e626d5, com.supermarket.billingservice.model.Order@72d3a612]]
2025-08-14T14:25:14.126+05:30  INFO 838 --- [billing-service] [http-nio-8084-exec-1] c.s.billingservice.aop.LoggingAspect     : Enter: com.supermarket.billingservice.controller.OrderController.getMyOrders() with argument[s] = [[3]]
2025-08-14T14:25:14.126+05:30  INFO 838 --- [billing-service] [http-nio-8084-exec-1] c.s.billingservice.aop.LoggingAspect     : Enter: com.supermarket.billingservice.service.OrderServiceImpl.getOrdersByUserId() with argument[s] = [[3]]
2025-08-14T14:25:14.143+05:30  INFO 838 --- [billing-service] [http-nio-8084-exec-1] c.s.billingservice.aop.LoggingAspect     : Exit: com.supermarket.billingservice.service.OrderServiceImpl.getOrdersByUserId() with result = [[com.supermarket.billingservice.model.Order@7921a7bc, com.supermarket.billingservice.model.Order@6be8c0b9]]
2025-08-14T14:25:14.144+05:30  INFO 838 --- [billing-service] [http-nio-8084-exec-1] c.s.billingservice.aop.LoggingAspect     : Execution time: com.supermarket.billingservice.service.OrderServiceImpl.getOrdersByUserId() executed in 18 ms
2025-08-14T14:25:14.145+05:30  INFO 838 --- [billing-service] [http-nio-8084-exec-1] c.s.billingservice.aop.LoggingAspect     : Exit: com.supermarket.billingservice.controller.OrderController.getMyOrders() with result = [[com.supermarket.billingservice.model.Order@7921a7bc, com.supermarket.billingservice.model.Order@6be8c0b9]]
2025-08-14T14:25:16.985+05:30  INFO 838 --- [billing-service] [http-nio-8084-exec-2] c.s.billingservice.aop.LoggingAspect     : Enter: com.supermarket.billingservice.controller.OrderController.getMyOrderById() with argument[s] = [[3, 1]]
2025-08-14T14:25:16.986+05:30  INFO 838 --- [billing-service] [http-nio-8084-exec-2] c.s.billingservice.aop.LoggingAspect     : Enter: com.supermarket.billingservice.service.OrderServiceImpl.getOrderByUserIdAndOrderId() with argument[s] = [[3, 1]]
2025-08-14T14:25:17.010+05:30  INFO 838 --- [billing-service] [http-nio-8084-exec-2] c.s.billingservice.aop.LoggingAspect     : Exit: com.supermarket.billingservice.service.OrderServiceImpl.getOrderByUserIdAndOrderId() with result = [com.supermarket.billingservice.model.Order@511e05a9]
2025-08-14T14:25:17.011+05:30  INFO 838 --- [billing-service] [http-nio-8084-exec-2] c.s.billingservice.aop.LoggingAspect     : Execution time: com.supermarket.billingservice.service.OrderServiceImpl.getOrderByUserIdAndOrderId() executed in 25 ms
2025-08-14T14:25:17.011+05:30  INFO 838 --- [billing-service] [http-nio-8084-exec-2] c.s.billingservice.aop.LoggingAspect     : Exit: com.supermarket.billingservice.controller.OrderController.getMyOrderById() with result = [com.supermarket.billingservice.model.Order@511e05a9]
2025-08-14T14:25:17.051+05:30  INFO 838 --- [billing-service] [http-nio-8084-exec-3] c.s.billingservice.aop.LoggingAspect     : Enter: com.supermarket.billingservice.controller.OrderController.getMyOrderById() with argument[s] = [[3, 1]]
2025-08-14T14:25:17.052+05:30  INFO 838 --- [billing-service] [http-nio-8084-exec-3] c.s.billingservice.aop.LoggingAspect     : Enter: com.supermarket.billingservice.service.OrderServiceImpl.getOrderByUserIdAndOrderId() with argument[s] = [[3, 1]]
2025-08-14T14:25:17.065+05:30  INFO 838 --- [billing-service] [http-nio-8084-exec-3] c.s.billingservice.aop.LoggingAspect     : Exit: com.supermarket.billingservice.service.OrderServiceImpl.getOrderByUserIdAndOrderId() with result = [com.supermarket.billingservice.model.Order@3a062bef]
2025-08-14T14:25:17.065+05:30  INFO 838 --- [billing-service] [http-nio-8084-exec-3] c.s.billingservice.aop.LoggingAspect     : Execution time: com.supermarket.billingservice.service.OrderServiceImpl.getOrderByUserIdAndOrderId() executed in 13 ms
2025-08-14T14:25:17.066+05:30  INFO 838 --- [billing-service] [http-nio-8084-exec-3] c.s.billingservice.aop.LoggingAspect     : Exit: com.supermarket.billingservice.controller.OrderController.getMyOrderById() with result = [com.supermarket.billingservice.model.Order@3a062bef]
2025-08-14T14:25:18.059+05:30  INFO 838 --- [billing-service] [http-nio-8084-exec-4] c.s.billingservice.aop.LoggingAspect     : Enter: com.supermarket.billingservice.controller.OrderController.getMyOrders() with argument[s] = [[3]]
2025-08-14T14:25:18.060+05:30  INFO 838 --- [billing-service] [http-nio-8084-exec-4] c.s.billingservice.aop.LoggingAspect     : Enter: com.supermarket.billingservice.service.OrderServiceImpl.getOrdersByUserId() with argument[s] = [[3]]
2025-08-14T14:25:18.087+05:30  INFO 838 --- [billing-service] [http-nio-8084-exec-4] c.s.billingservice.aop.LoggingAspect     : Exit: com.supermarket.billingservice.service.OrderServiceImpl.getOrdersByUserId() with result = [[com.supermarket.billingservice.model.Order@15979743, com.supermarket.billingservice.model.Order@5286387a]]
2025-08-14T14:25:18.091+05:30  INFO 838 --- [billing-service] [http-nio-8084-exec-4] c.s.billingservice.aop.LoggingAspect     : Execution time: com.supermarket.billingservice.service.OrderServiceImpl.getOrdersByUserId() executed in 31 ms
2025-08-14T14:25:18.093+05:30  INFO 838 --- [billing-service] [http-nio-8084-exec-4] c.s.billingservice.aop.LoggingAspect     : Exit: com.supermarket.billingservice.controller.OrderController.getMyOrders() with result = [[com.supermarket.billingservice.model.Order@15979743, com.supermarket.billingservice.model.Order@5286387a]]
2025-08-14T14:25:18.126+05:30  INFO 838 --- [billing-service] [http-nio-8084-exec-5] c.s.billingservice.aop.LoggingAspect     : Enter: com.supermarket.billingservice.controller.OrderController.getMyOrders() with argument[s] = [[3]]
2025-08-14T14:25:18.128+05:30  INFO 838 --- [billing-service] [http-nio-8084-exec-5] c.s.billingservice.aop.LoggingAspect     : Enter: com.supermarket.billingservice.service.OrderServiceImpl.getOrdersByUserId() with argument[s] = [[3]]
2025-08-14T14:25:18.146+05:30  INFO 838 --- [billing-service] [http-nio-8084-exec-5] c.s.billingservice.aop.LoggingAspect     : Exit: com.supermarket.billingservice.service.OrderServiceImpl.getOrdersByUserId() with result = [[com.supermarket.billingservice.model.Order@4cfeb3c2, com.supermarket.billingservice.model.Order@2ea1921a]]
2025-08-14T14:25:18.146+05:30  INFO 838 --- [billing-service] [http-nio-8084-exec-5] c.s.billingservice.aop.LoggingAspect     : Execution time: com.supermarket.billingservice.service.OrderServiceImpl.getOrdersByUserId() executed in 18 ms
2025-08-14T14:25:18.147+05:30  INFO 838 --- [billing-service] [http-nio-8084-exec-5] c.s.billingservice.aop.LoggingAspect     : Exit: com.supermarket.billingservice.controller.OrderController.getMyOrders() with result = [[com.supermarket.billingservice.model.Order@4cfeb3c2, com.supermarket.billingservice.model.Order@2ea1921a]]
2025-08-14T14:25:19.142+05:30  INFO 838 --- [billing-service] [http-nio-8084-exec-6] c.s.billingservice.aop.LoggingAspect     : Enter: com.supermarket.billingservice.controller.OrderController.getMyOrderById() with argument[s] = [[3, 2]]
2025-08-14T14:25:19.143+05:30  INFO 838 --- [billing-service] [http-nio-8084-exec-6] c.s.billingservice.aop.LoggingAspect     : Enter: com.supermarket.billingservice.service.OrderServiceImpl.getOrderByUserIdAndOrderId() with argument[s] = [[3, 2]]
2025-08-14T14:25:19.153+05:30  INFO 838 --- [billing-service] [http-nio-8084-exec-6] c.s.billingservice.aop.LoggingAspect     : Exit: com.supermarket.billingservice.service.OrderServiceImpl.getOrderByUserIdAndOrderId() with result = [com.supermarket.billingservice.model.Order@3ffd5c59]
2025-08-14T14:25:19.153+05:30  INFO 838 --- [billing-service] [http-nio-8084-exec-6] c.s.billingservice.aop.LoggingAspect     : Execution time: com.supermarket.billingservice.service.OrderServiceImpl.getOrderByUserIdAndOrderId() executed in 10 ms
2025-08-14T14:25:19.154+05:30  INFO 838 --- [billing-service] [http-nio-8084-exec-6] c.s.billingservice.aop.LoggingAspect     : Exit: com.supermarket.billingservice.controller.OrderController.getMyOrderById() with result = [com.supermarket.billingservice.model.Order@3ffd5c59]
2025-08-14T14:25:19.194+05:30  INFO 838 --- [billing-service] [http-nio-8084-exec-7] c.s.billingservice.aop.LoggingAspect     : Enter: com.supermarket.billingservice.controller.OrderController.getMyOrderById() with argument[s] = [[3, 2]]
2025-08-14T14:25:19.195+05:30  INFO 838 --- [billing-service] [http-nio-8084-exec-7] c.s.billingservice.aop.LoggingAspect     : Enter: com.supermarket.billingservice.service.OrderServiceImpl.getOrderByUserIdAndOrderId() with argument[s] = [[3, 2]]
2025-08-14T14:25:19.207+05:30  INFO 838 --- [billing-service] [http-nio-8084-exec-7] c.s.billingservice.aop.LoggingAspect     : Exit: com.supermarket.billingservice.service.OrderServiceImpl.getOrderByUserIdAndOrderId() with result = [com.supermarket.billingservice.model.Order@690204a6]
2025-08-14T14:25:19.208+05:30  INFO 838 --- [billing-service] [http-nio-8084-exec-7] c.s.billingservice.aop.LoggingAspect     : Execution time: com.supermarket.billingservice.service.OrderServiceImpl.getOrderByUserIdAndOrderId() executed in 13 ms
2025-08-14T14:25:19.208+05:30  INFO 838 --- [billing-service] [http-nio-8084-exec-7] c.s.billingservice.aop.LoggingAspect     : Exit: com.supermarket.billingservice.controller.OrderController.getMyOrderById() with result = [com.supermarket.billingservice.model.Order@690204a6]
2025-08-14T14:25:20.015+05:30  INFO 838 --- [billing-service] [http-nio-8084-exec-8] c.s.billingservice.aop.LoggingAspect     : Enter: com.supermarket.billingservice.controller.OrderController.getMyOrders() with argument[s] = [[3]]
2025-08-14T14:25:20.017+05:30  INFO 838 --- [billing-service] [http-nio-8084-exec-8] c.s.billingservice.aop.LoggingAspect     : Enter: com.supermarket.billingservice.service.OrderServiceImpl.getOrdersByUserId() with argument[s] = [[3]]
2025-08-14T14:25:20.044+05:30  INFO 838 --- [billing-service] [http-nio-8084-exec-8] c.s.billingservice.aop.LoggingAspect     : Exit: com.supermarket.billingservice.service.OrderServiceImpl.getOrdersByUserId() with result = [[com.supermarket.billingservice.model.Order@193c71a9, com.supermarket.billingservice.model.Order@44f10883]]
2025-08-14T14:25:20.044+05:30  INFO 838 --- [billing-service] [http-nio-8084-exec-8] c.s.billingservice.aop.LoggingAspect     : Execution time: com.supermarket.billingservice.service.OrderServiceImpl.getOrdersByUserId() executed in 27 ms
2025-08-14T14:25:20.046+05:30  INFO 838 --- [billing-service] [http-nio-8084-exec-8] c.s.billingservice.aop.LoggingAspect     : Exit: com.supermarket.billingservice.controller.OrderController.getMyOrders() with result = [[com.supermarket.billingservice.model.Order@193c71a9, com.supermarket.billingservice.model.Order@44f10883]]
2025-08-14T14:25:20.090+05:30  INFO 838 --- [billing-service] [http-nio-8084-exec-9] c.s.billingservice.aop.LoggingAspect     : Enter: com.supermarket.billingservice.controller.OrderController.getMyOrders() with argument[s] = [[3]]
2025-08-14T14:25:20.091+05:30  INFO 838 --- [billing-service] [http-nio-8084-exec-9] c.s.billingservice.aop.LoggingAspect     : Enter: com.supermarket.billingservice.service.OrderServiceImpl.getOrdersByUserId() with argument[s] = [[3]]
2025-08-14T14:25:20.104+05:30  INFO 838 --- [billing-service] [http-nio-8084-exec-9] c.s.billingservice.aop.LoggingAspect     : Exit: com.supermarket.billingservice.service.OrderServiceImpl.getOrdersByUserId() with result = [[com.supermarket.billingservice.model.Order@27fdceca, com.supermarket.billingservice.model.Order@5b6821df]]
2025-08-14T14:25:20.105+05:30  INFO 838 --- [billing-service] [http-nio-8084-exec-9] c.s.billingservice.aop.LoggingAspect     : Execution time: com.supermarket.billingservice.service.OrderServiceImpl.getOrdersByUserId() executed in 14 ms
2025-08-14T14:25:20.105+05:30  INFO 838 --- [billing-service] [http-nio-8084-exec-9] c.s.billingservice.aop.LoggingAspect     : Exit: com.supermarket.billingservice.controller.OrderController.getMyOrders() with result = [[com.supermarket.billingservice.model.Order@27fdceca, com.supermarket.billingservice.model.Order@5b6821df]]
2025-08-14T14:25:37.635+05:30  INFO 838 --- [billing-service] [http-nio-8084-exec-10] c.s.billingservice.aop.LoggingAspect     : Enter: com.supermarket.billingservice.controller.OrderController.getMyOrders() with argument[s] = [[3]]
2025-08-14T14:25:37.640+05:30  INFO 838 --- [billing-service] [http-nio-8084-exec-10] c.s.billingservice.aop.LoggingAspect     : Enter: com.supermarket.billingservice.service.OrderServiceImpl.getOrdersByUserId() with argument[s] = [[3]]
2025-08-14T14:25:37.653+05:30  INFO 838 --- [billing-service] [http-nio-8084-exec-10] c.s.billingservice.aop.LoggingAspect     : Exit: com.supermarket.billingservice.service.OrderServiceImpl.getOrdersByUserId() with result = [[com.supermarket.billingservice.model.Order@2c7b384b, com.supermarket.billingservice.model.Order@2ed48eb]]
2025-08-14T14:25:37.653+05:30  INFO 838 --- [billing-service] [http-nio-8084-exec-10] c.s.billingservice.aop.LoggingAspect     : Execution time: com.supermarket.billingservice.service.OrderServiceImpl.getOrdersByUserId() executed in 13 ms
2025-08-14T14:25:37.653+05:30  INFO 838 --- [billing-service] [http-nio-8084-exec-10] c.s.billingservice.aop.LoggingAspect     : Exit: com.supermarket.billingservice.controller.OrderController.getMyOrders() with result = [[com.supermarket.billingservice.model.Order@2c7b384b, com.supermarket.billingservice.model.Order@2ed48eb]]
2025-08-14T14:25:37.678+05:30  INFO 838 --- [billing-service] [http-nio-8084-exec-1] c.s.billingservice.aop.LoggingAspect     : Enter: com.supermarket.billingservice.controller.OrderController.getMyOrders() with argument[s] = [[3]]
2025-08-14T14:25:37.678+05:30  INFO 838 --- [billing-service] [http-nio-8084-exec-1] c.s.billingservice.aop.LoggingAspect     : Enter: com.supermarket.billingservice.service.OrderServiceImpl.getOrdersByUserId() with argument[s] = [[3]]
2025-08-14T14:25:37.756+05:30  INFO 838 --- [billing-service] [http-nio-8084-exec-1] c.s.billingservice.aop.LoggingAspect     : Exit: com.supermarket.billingservice.service.OrderServiceImpl.getOrdersByUserId() with result = [[com.supermarket.billingservice.model.Order@30a2e328, com.supermarket.billingservice.model.Order@767e9099]]
2025-08-14T14:25:37.756+05:30  INFO 838 --- [billing-service] [http-nio-8084-exec-1] c.s.billingservice.aop.LoggingAspect     : Execution time: com.supermarket.billingservice.service.OrderServiceImpl.getOrdersByUserId() executed in 78 ms
2025-08-14T14:25:37.757+05:30  INFO 838 --- [billing-service] [http-nio-8084-exec-1] c.s.billingservice.aop.LoggingAspect     : Exit: com.supermarket.billingservice.controller.OrderController.getMyOrders() with result = [[com.supermarket.billingservice.model.Order@30a2e328, com.supermarket.billingservice.model.Order@767e9099]]
